This is pdfTeX, Version 3.1415926-2.4-1.40.13 (TeX Live 2012/Debian) (format=pdflatex 2014.7.14)  4 MAR 2015 18:17
entering extended mode
 restricted \write18 enabled.
 %&-line parsing enabled.
**full_paper.tex
(./full_paper.tex
LaTeX2e <2011/06/27>
Babel <v3.8m> and hyphenation patterns for english, dumylang, nohyphenation, et
hiopic, farsi, arabic, pinyin, croatian, bulgarian, ukrainian, russian, slovak,
 czech, danish, dutch, usenglishmax, ukenglish, finnish, french, basque, ngerma
n, german, swissgerman, ngerman-x-2012-05-30, german-x-2012-05-30, monogreek, g
reek, ibycus, ancientgreek, hungarian, bengali, tamil, hindi, telugu, gujarati,
 sanskrit, malayalam, kannada, assamese, marathi, oriya, panjabi, italian, lati
n, latvian, lithuanian, mongolian, mongolianlmc, nynorsk, bokmal, indonesian, e
speranto, coptic, welsh, irish, interlingua, serbian, serbianc, slovenian, friu
lan, romansh, estonian, romanian, armenian, uppersorbian, turkish, afrikaans, i
celandic, kurmanji, polish, portuguese, galician, catalan, spanish, swedish, th
ai, loaded.
(./preamble.tex (./pnastwo.cls


 Two Column Journal Style for the
 Proceedings of the National Academy of Science 
 Written by Amy Hendrickson, TeXnology, Inc., 9/04
 
 This version is dated October 04, 2013


Document Class: pnastwo 
\affilcount=\count79
\saveaffilcount=\count80
\c@fnaffilcount=\count81
\c@part=\count82
\c@section=\count83
\c@subsection=\count84
\c@subsubsection=\count85
\c@paragraph=\count86
\c@subparagraph=\count87
\c@figure=\count88
\c@table=\count89
\abovecaptionskip=\skip41
\belowcaptionskip=\skip42
\bibindent=\dimen102
\bibskip=\skip43
\c@cms=\count90
\footnum=\count91
\savefootnum=\count92
\abovefigcaptionskip=\skip44
\abovetabcaptionskip=\skip45
\abovetableskip=\skip46
\belowtabcaptionskip=\dimen103
\saveparskip=\dimen104
\captionskip=\dimen105
\PushOneColTopFig=\dimen106
\PushOneColBotFig=\dimen107
\PushOneColTopTab=\dimen108
\PushOneColBotTab=\dimen109
\PushTwoColTopFig=\dimen110
\PushTwoColBotFig=\dimen111
\PushTwoColTopTab=\dimen112
\PushTwoColBotTab=\dimen113
\intextfloatskip=\skip47
\c@appfigure=\count93
\c@apptable=\count94
\c@appplate=\count95
\checkforspace=\dimen114
\savetopinsert=\box26
\savebotinsert=\box27
\secondsavetopinsert=\box28
\secondsavebotinsert=\box29
\firstcolbox=\box30
\secondcolbox=\box31
\thefirstbox=\box32
\thesecondbox=\box33
\firstcol=\dimen115
\secondcol=\dimen116
\checkheight=\dimen117
\loopnum=\count96
\firstcolsavefignum=\count97
\footnotebox=\box34
\ColUsed=\dimen118
\FigSpace=\dimen119
\testdblbotins=\box35
\pageloopnum=\count98
\endcolsavetopinsert=\box36
\endcolsavebotinsert=\box37
\testpagesize=\box38
\savelastskip=\dimen120
\partialpage=\box39
\figandtabnumber=\count99
\figandtabbox=\box40
\pagefloatnumber=\count100
\sizeoffloat=\box41
\bogus=\count101
\figinsert=\insert233
\herebox=\box42
\endfigbox=\box43
\spanbox=\box44
\dbltopins=\box45
\dblbotins=\box46
\dblbotskip=\skip48
\dblfigandtabnumber=\count102
\dblfigandtabbox=\box47
\dblloopnum=\count103
\savedblfigandtabnumber=\count104
\dblspanherebox=\box48
(/usr/share/texlive/texmf-dist/tex/latex/graphics/graphicx.sty
Package: graphicx 1999/02/16 v1.0f Enhanced LaTeX Graphics (DPC,SPQR)

(/usr/share/texlive/texmf-dist/tex/latex/graphics/keyval.sty
Package: keyval 1999/03/16 v1.13 key=value parser (DPC)
\KV@toks@=\toks14
)
(/usr/share/texlive/texmf-dist/tex/latex/graphics/graphics.sty
Package: graphics 2009/02/05 v1.0o Standard LaTeX Graphics (DPC,SPQR)

(/usr/share/texlive/texmf-dist/tex/latex/graphics/trig.sty
Package: trig 1999/03/16 v1.09 sin cos tan (DPC)
)
(/usr/share/texlive/texmf-dist/tex/latex/latexconfig/graphics.cfg
File: graphics.cfg 2010/04/23 v1.9 graphics configuration of TeX Live
)
Package graphics Info: Driver file: pdftex.def on input line 91.

(/usr/share/texlive/texmf-dist/tex/latex/pdftex-def/pdftex.def
File: pdftex.def 2011/05/27 v0.06d Graphics/color for pdfTeX

(/usr/share/texlive/texmf-dist/tex/generic/oberdiek/infwarerr.sty
Package: infwarerr 2010/04/08 v1.3 Providing info/warning/error messages (HO)
)
(/usr/share/texlive/texmf-dist/tex/generic/oberdiek/ltxcmds.sty
Package: ltxcmds 2011/11/09 v1.22 LaTeX kernel commands for general use (HO)
)
\Gread@gobject=\count105
))
\Gin@req@height=\dimen121
\Gin@req@width=\dimen122
)
(/usr/share/texlive/texmf-dist/tex/latex/oberdiek/epstopdf.sty
Package: epstopdf 2010/02/09 v2.5 Conversion with epstopdf on the fly (HO)

(/usr/share/texlive/texmf-dist/tex/latex/oberdiek/epstopdf-base.sty
Package: epstopdf-base 2010/02/09 v2.5 Base part for package epstopdf

(/usr/share/texlive/texmf-dist/tex/latex/oberdiek/grfext.sty
Package: grfext 2010/08/19 v1.1 Manage graphics extensions (HO)

(/usr/share/texlive/texmf-dist/tex/generic/oberdiek/kvdefinekeys.sty
Package: kvdefinekeys 2011/04/07 v1.3 Define keys (HO)
))
(/usr/share/texlive/texmf-dist/tex/latex/oberdiek/kvoptions.sty
Package: kvoptions 2011/06/30 v3.11 Key value format for package options (HO)

(/usr/share/texlive/texmf-dist/tex/generic/oberdiek/kvsetkeys.sty
Package: kvsetkeys 2012/04/25 v1.16 Key value parser (HO)

(/usr/share/texlive/texmf-dist/tex/generic/oberdiek/etexcmds.sty
Package: etexcmds 2011/02/16 v1.5 Avoid name clashes with e-TeX commands (HO)

(/usr/share/texlive/texmf-dist/tex/generic/oberdiek/ifluatex.sty
Package: ifluatex 2010/03/01 v1.3 Provides the ifluatex switch (HO)
Package ifluatex Info: LuaTeX not detected.
)
Package etexcmds Info: Could not find \expanded.
(etexcmds)             That can mean that you are not using pdfTeX 1.50 or
(etexcmds)             that some package has redefined \expanded.
(etexcmds)             In the latter case, load this package earlier.
)))
(/usr/share/texlive/texmf-dist/tex/generic/oberdiek/pdftexcmds.sty
Package: pdftexcmds 2011/11/29 v0.20 Utility functions of pdfTeX for LuaTeX (HO
)

(/usr/share/texlive/texmf-dist/tex/generic/oberdiek/ifpdf.sty
Package: ifpdf 2011/01/30 v2.3 Provides the ifpdf switch (HO)
Package ifpdf Info: pdfTeX in PDF mode is detected.
)
Package pdftexcmds Info: LuaTeX not detected.
Package pdftexcmds Info: \pdf@primitive is available.
Package pdftexcmds Info: \pdf@ifprimitive is available.
Package pdftexcmds Info: \pdfdraftmode found.
)
Package grfext Info: Graphics extension search list:
(grfext)             [.png,.pdf,.jpg,.mps,.jpeg,.jbig2,.jb2,.PNG,.PDF,.JPG,.JPE
G,.JBIG2,.JB2,.eps]
(grfext)             \AppendGraphicsExtensions on input line 452.

(/usr/share/texlive/texmf-dist/tex/latex/latexconfig/epstopdf-sys.cfg
File: epstopdf-sys.cfg 2010/07/13 v1.3 Configuration of (r)epstopdf for TeX Liv
e
)))
(/usr/share/texlive/texmf-dist/tex/latex/amsfonts/amssymb.sty
Package: amssymb 2009/06/22 v3.00

(/usr/share/texlive/texmf-dist/tex/latex/amsfonts/amsfonts.sty
Package: amsfonts 2009/06/22 v3.00 Basic AMSFonts support
\@emptytoks=\toks15
\symAMSa=\mathgroup4
\symAMSb=\mathgroup5
LaTeX Font Info:    Overwriting math alphabet `\mathfrak' in version `bold'
(Font)                  U/euf/m/n --> U/euf/b/n on input line 96.
))
(/usr/share/texlive/texmf-dist/tex/latex/amsmath/amsmath.sty
Package: amsmath 2000/07/18 v2.13 AMS math features
\@mathmargin=\skip49

For additional information on amsmath, use the `?' option.
(/usr/share/texlive/texmf-dist/tex/latex/amsmath/amstext.sty
Package: amstext 2000/06/29 v2.01

(/usr/share/texlive/texmf-dist/tex/latex/amsmath/amsgen.sty
File: amsgen.sty 1999/11/30 v2.0
\@emptytoks=\toks16
\ex@=\dimen123
))
(/usr/share/texlive/texmf-dist/tex/latex/amsmath/amsbsy.sty
Package: amsbsy 1999/11/29 v1.2d
\pmbraise@=\dimen124
)
(/usr/share/texlive/texmf-dist/tex/latex/amsmath/amsopn.sty
Package: amsopn 1999/12/14 v2.01 operator names
)
\inf@bad=\count106
LaTeX Info: Redefining \frac on input line 211.
\uproot@=\count107
\leftroot@=\count108
LaTeX Info: Redefining \overline on input line 307.
\classnum@=\count109
\DOTSCASE@=\count110
LaTeX Info: Redefining \ldots on input line 379.
LaTeX Info: Redefining \dots on input line 382.
LaTeX Info: Redefining \cdots on input line 467.
\Mathstrutbox@=\box49
\strutbox@=\box50
\big@size=\dimen125
LaTeX Font Info:    Redeclaring font encoding OML on input line 567.
LaTeX Font Info:    Redeclaring font encoding OMS on input line 568.
\macc@depth=\count111
\c@MaxMatrixCols=\count112
\dotsspace@=\muskip10
\c@parentequation=\count113
\dspbrk@lvl=\count114
\tag@help=\toks17
\row@=\count115
\column@=\count116
\maxfields@=\count117
\andhelp@=\toks18
\eqnshift@=\dimen126
\alignsep@=\dimen127
\tagshift@=\dimen128
\tagwidth@=\dimen129
\totwidth@=\dimen130
\lineht@=\dimen131
\@envbody=\toks19
\multlinegap=\skip50
\multlinetaggap=\skip51
\mathdisplay@stack=\toks20
LaTeX Info: Redefining \[ on input line 2666.
LaTeX Info: Redefining \] on input line 2667.
)
(/usr/share/texmf/tex/latex/xcolor/xcolor.sty
Package: xcolor 2007/01/21 v2.11 LaTeX color extensions (UK)

(/usr/share/texlive/texmf-dist/tex/latex/latexconfig/color.cfg
File: color.cfg 2007/01/18 v1.5 color configuration of teTeX/TeXLive
)
Package xcolor Info: Package option `usenames' ignored on input line 216.
Package xcolor Info: Driver file: pdftex.def on input line 225.
Package xcolor Info: Model `cmy' substituted by `cmy0' on input line 1337.
Package xcolor Info: Model `hsb' substituted by `rgb' on input line 1341.
Package xcolor Info: Model `RGB' extended on input line 1353.
Package xcolor Info: Model `HTML' substituted by `rgb' on input line 1355.
Package xcolor Info: Model `Hsb' substituted by `hsb' on input line 1356.
Package xcolor Info: Model `tHsb' substituted by `hsb' on input line 1357.
Package xcolor Info: Model `HSB' substituted by `hsb' on input line 1358.
Package xcolor Info: Model `Gray' substituted by `gray' on input line 1359.
Package xcolor Info: Model `wave' substituted by `hsb' on input line 1360.
)
\captionwidth=\dimen132
\widecaptionwidth=\dimen133
\tablenoteloopnum=\count118
\tablenotenum=\count119
\c@theorem=\count120
\c@lemma=\count121
\c@definition=\count122
\c@claim=\count123
\c@alemma=\count124
\c@remark=\count125
\tablewide=\box51
)
(/usr/share/texlive/texmf-dist/tex/latex/biblatex/biblatex.sty
Package: biblatex 2014/06/25 v2.9a programmable bibliographies (PK/JW/AB)

(/usr/share/texlive/texmf-dist/tex/latex/biblatex/biblatex2.sty
Package: biblatex2 2014/06/25 v2.9a programmable bibliographies (biber) (PK/JW/
AB)

(/usr/share/texmf/tex/latex/etoolbox/etoolbox.sty
Package: etoolbox 2011/01/03 v2.1 e-TeX tools for LaTeX

(/usr/share/texlive/texmf-dist/tex/latex/etex-pkg/etex.sty
Package: etex 1998/03/26 v2.0 eTeX basic definition package (PEB)
\et@xins=\count126
)
\etb@tempcnta=\count127
)
(/usr/share/texmf/tex/latex/logreq/logreq.sty
Package: logreq 2010/08/04 v1.0 xml request logger
\lrq@indent=\count128

(/usr/share/texmf/tex/latex/logreq/logreq.def
File: logreq.def 2010/08/04 v1.0 logreq spec v1.0
))
(/usr/share/texlive/texmf-dist/tex/latex/base/ifthen.sty
Package: ifthen 2001/05/26 v1.1c Standard LaTeX ifthen package (DPC)
)
(/usr/share/texlive/texmf-dist/tex/latex/url/url.sty
\Urlmuskip=\muskip11
Package: url 2006/04/12  ver 3.3  Verb mode for urls, etc.
)
\c@tabx@nest=\count129
\c@listtotal=\count130
\c@listcount=\count131
\c@liststart=\count132
\c@liststop=\count133
\c@citecount=\count134
\c@citetotal=\count135
\c@multicitecount=\count136
\c@multicitetotal=\count137
\c@instcount=\count138
\c@maxnames=\count139
\c@minnames=\count140
\c@maxitems=\count141
\c@minitems=\count142
\c@citecounter=\count143
\c@savedcitecounter=\count144
\c@uniquelist=\count145
\c@uniquename=\count146
\c@refsection=\count147
\c@refsegment=\count148
\c@maxextratitle=\count149
\c@maxextratitleyear=\count150
\c@maxextrayear=\count151
\c@maxextraalpha=\count152
\c@abbrvpenalty=\count153
\c@highnamepenalty=\count154
\c@lownamepenalty=\count155
\c@maxparens=\count156
\c@parenlevel=\count157
\blx@tempcnta=\count158
\blx@tempcntb=\count159
\blx@tempcntc=\count160
\blx@maxsection=\count161
\blx@maxsegment@0=\count162
\blx@notetype=\count163
\blx@parenlevel@text=\count164
\blx@parenlevel@foot=\count165
\blx@sectionciteorder@0=\count166
\labelnumberwidth=\skip52
\labelalphawidth=\skip53
\biblabelsep=\skip54
\bibitemsep=\skip55
\bibnamesep=\skip56
\bibinitsep=\skip57
\bibparsep=\skip58
\bibhang=\skip59
\blx@bcfin=\read1
\blx@bcfout=\write3
\c@mincomprange=\count167
\c@maxcomprange=\count168
\c@mincompwidth=\count169
Package biblatex Info: Trying to load biblatex default data model...
Package biblatex Info: ... file 'blx-dm.def' found.

(/usr/share/texlive/texmf-dist/tex/latex/biblatex/blx-dm.def)
Package biblatex Info: Trying to load biblatex style data model...
Package biblatex Info: ... file 'authoryear-icomp.dbx' not found.
Package biblatex Info: Trying to load biblatex custom data model...
Package biblatex Info: ... file 'biblatex-dm.cfg' not found.
\c@afterword=\count170
\c@savedafterword=\count171
\c@annotator=\count172
\c@savedannotator=\count173
\c@author=\count174
\c@savedauthor=\count175
\c@bookauthor=\count176
\c@savedbookauthor=\count177
\c@commentator=\count178
\c@savedcommentator=\count179
\c@editor=\count180
\c@savededitor=\count181
\c@editora=\count182
\c@savededitora=\count183
\c@editorb=\count184
\c@savededitorb=\count185
\c@editorc=\count186
\c@savededitorc=\count187
\c@foreword=\count188
\c@savedforeword=\count189
\c@holder=\count190
\c@savedholder=\count191
\c@introduction=\count192
\c@savedintroduction=\count193
\c@namea=\count194
\c@savednamea=\count195
\c@nameb=\count196
\c@savednameb=\count197
\c@namec=\count198
\c@savednamec=\count199
\c@translator=\count200
\c@savedtranslator=\count201
\c@shortauthor=\count202
\c@savedshortauthor=\count203
\c@shorteditor=\count204
\c@savedshorteditor=\count205
\c@labelname=\count206
\c@savedlabelname=\count207
\c@institution=\count208
\c@savedinstitution=\count209
\c@lista=\count210
\c@savedlista=\count211
\c@listb=\count212
\c@savedlistb=\count213
\c@listc=\count214
\c@savedlistc=\count215
\c@listd=\count216
\c@savedlistd=\count217
\c@liste=\count218
\c@savedliste=\count219
\c@listf=\count220
\c@savedlistf=\count221
\c@location=\count222
\c@savedlocation=\count223
\c@organization=\count224
\c@savedorganization=\count225
\c@origlocation=\count226
\c@savedoriglocation=\count227
\c@origpublisher=\count228
\c@savedorigpublisher=\count229
\c@publisher=\count230
\c@savedpublisher=\count231
\c@language=\count232
Normal \count register pool exhausted, switching to extended pool.
\c@savedlanguage=\count277
\c@pageref=\count278
\c@savedpageref=\count279
\shorthandwidth=\skip60
\shortjournalwidth=\skip61
\shortserieswidth=\skip62
\shorttitlewidth=\skip63
\shortauthorwidth=\skip64
\shorteditorwidth=\skip65
Package biblatex Info: Trying to load compatibility code...
Package biblatex Info: ... file 'blx-compat.def' found.

(/usr/share/texlive/texmf-dist/tex/latex/biblatex/blx-compat.def
File: blx-compat.def 2014/06/25 v2.9a biblatex compatibility (PK/JW/AB)
)
Package biblatex Info: Trying to load generic definitions...
Package biblatex Info: ... file 'biblatex.def' found.

(/usr/share/texlive/texmf-dist/tex/latex/biblatex/biblatex.def
File: biblatex.def 
\c@textcitecount=\count280
\c@textcitetotal=\count281
\c@textcitemaxnames=\count282
\c@biburlnumpenalty=\count283
\c@biburlucpenalty=\count284
\c@biburllcpenalty=\count285
\c@smartand=\count286
)
Package biblatex Info: Trying to load natbib compatibility...
Package biblatex Info: ... file 'blx-natbib.def' found.

(/usr/share/texlive/texmf-dist/tex/latex/biblatex/blx-natbib.def
File: blx-natbib.def 2014/06/25 v2.9a biblatex compatibility (PK/JW/AB)
)
Package biblatex Info: Trying to load bibliography style 'authoryear-icomp'...
Package biblatex Info: ... file 'authoryear-icomp.bbx' found.

(/usr/share/texlive/texmf-dist/tex/latex/biblatex/bbx/authoryear-icomp.bbx
File: authoryear-icomp.bbx 2014/06/25 v2.9a biblatex bibliography style (PK/JW/
AB)
Package biblatex Info: Trying to load bibliography style 'authoryear'...
Package biblatex Info: ... file 'authoryear.bbx' found.

(/usr/share/texlive/texmf-dist/tex/latex/biblatex/bbx/authoryear.bbx
File: authoryear.bbx 2014/06/25 v2.9a biblatex bibliography style (PK/JW/AB)
Package biblatex Info: Trying to load bibliography style 'standard'...
Package biblatex Info: ... file 'standard.bbx' found.

(/usr/share/texlive/texmf-dist/tex/latex/biblatex/bbx/standard.bbx
File: standard.bbx 2014/06/25 v2.9a biblatex bibliography style (PK/JW/AB)
\c@bbx:relatedcount=\count287
\c@bbx:relatedtotal=\count288
)))
Package biblatex Info: Trying to load citation style 'authoryear-icomp'...
Package biblatex Info: ... file 'authoryear-icomp.cbx' found.

(/usr/share/texlive/texmf-dist/tex/latex/biblatex/cbx/authoryear-icomp.cbx
File: authoryear-icomp.cbx 2014/06/25 v2.9a biblatex citation style (PK/JW/AB)
Package biblatex Info: Redefining '\cite'.
Package biblatex Info: Redefining '\parencite'.
Package biblatex Info: Redefining '\footcite'.
Package biblatex Info: Redefining '\footcitetext'.
Package biblatex Info: Redefining '\smartcite'.
Package biblatex Info: Redefining '\textcite'.
Package biblatex Info: Redefining '\textcites'.
Package biblatex Info: Redefining '\cites'.
Package biblatex Info: Redefining '\parencites'.
Package biblatex Info: Redefining '\footcites'.
Package biblatex Info: Redefining '\footcitetexts'.
Package biblatex Info: Redefining '\smartcites'.
)
Package biblatex Info: Trying to load configuration file...
Package biblatex Info: ... file 'biblatex.cfg' found.

(/usr/share/texlive/texmf-dist/tex/latex/biblatex/biblatex.cfg
File: biblatex.cfg 
)))
(/usr/share/texlive/texmf-dist/tex/latex/hyperref/hyperref.sty
Package: hyperref 2012/05/13 v6.82q Hypertext links for LaTeX

(/usr/share/texlive/texmf-dist/tex/generic/oberdiek/hobsub-hyperref.sty
Package: hobsub-hyperref 2012/05/28 v1.13 Bundle oberdiek, subset hyperref (HO)


(/usr/share/texlive/texmf-dist/tex/generic/oberdiek/hobsub-generic.sty
Package: hobsub-generic 2012/05/28 v1.13 Bundle oberdiek, subset generic (HO)
Package: hobsub 2012/05/28 v1.13 Construct package bundles (HO)
Package hobsub Info: Skipping package `infwarerr' (already loaded).
Package hobsub Info: Skipping package `ltxcmds' (already loaded).
Package hobsub Info: Skipping package `ifluatex' (already loaded).
Package: ifvtex 2010/03/01 v1.5 Detect VTeX and its facilities (HO)
Package ifvtex Info: VTeX not detected.
Package: intcalc 2007/09/27 v1.1 Expandable calculations with integers (HO)
Package hobsub Info: Skipping package `ifpdf' (already loaded).
Package hobsub Info: Skipping package `etexcmds' (already loaded).
Package hobsub Info: Skipping package `kvsetkeys' (already loaded).
Package hobsub Info: Skipping package `kvdefinekeys' (already loaded).
Package hobsub Info: Skipping package `pdftexcmds' (already loaded).
Package: pdfescape 2011/11/25 v1.13 Implements pdfTeX's escape features (HO)
Package: bigintcalc 2012/04/08 v1.3 Expandable calculations on big integers (HO
)
Package: bitset 2011/01/30 v1.1 Handle bit-vector datatype (HO)
Package: uniquecounter 2011/01/30 v1.2 Provide unlimited unique counter (HO)
)
Package hobsub Info: Skipping package `hobsub' (already loaded).
Package: letltxmacro 2010/09/02 v1.4 Let assignment for LaTeX macros (HO)
Package: hopatch 2012/05/28 v1.2 Wrapper for package hooks (HO)
Package: xcolor-patch 2011/01/30 xcolor patch
Package: atveryend 2011/06/30 v1.8 Hooks at the very end of document (HO)
Package: atbegshi 2011/10/05 v1.16 At begin shipout hook (HO)
Package: refcount 2011/10/16 v3.4 Data extraction from label references (HO)
Package: hycolor 2011/01/30 v1.7 Color options for hyperref/bookmark (HO)
)
(/usr/share/texlive/texmf-dist/tex/generic/ifxetex/ifxetex.sty
Package: ifxetex 2010/09/12 v0.6 Provides ifxetex conditional
)
\@linkdim=\dimen134
\Hy@linkcounter=\count289
\Hy@pagecounter=\count290

(/usr/share/texlive/texmf-dist/tex/latex/hyperref/pd1enc.def
File: pd1enc.def 2012/05/13 v6.82q Hyperref: PDFDocEncoding definition (HO)
)
\Hy@SavedSpaceFactor=\count291

(/usr/share/texlive/texmf-dist/tex/latex/latexconfig/hyperref.cfg
File: hyperref.cfg 2002/06/06 v1.2 hyperref configuration of TeXLive
)
Package hyperref Info: Hyper figures OFF on input line 4062.
Package hyperref Info: Link nesting OFF on input line 4067.
Package hyperref Info: Hyper index ON on input line 4070.
Package hyperref Info: Plain pages OFF on input line 4077.
Package hyperref Info: Backreferencing OFF on input line 4082.
Package hyperref Info: Implicit mode ON; LaTeX internals redefined.
Package hyperref Info: Bookmarks ON on input line 4300.
\c@Hy@tempcnt=\count292
LaTeX Info: Redefining \url on input line 4653.
\Fld@menulength=\count293
\Field@Width=\dimen135
\Fld@charsize=\dimen136
Package hyperref Info: Hyper figures OFF on input line 5773.
Package hyperref Info: Link nesting OFF on input line 5778.
Package hyperref Info: Hyper index ON on input line 5781.
Package hyperref Info: backreferencing OFF on input line 5788.
Package hyperref Info: Link coloring OFF on input line 5793.
Package hyperref Info: Link coloring with OCG OFF on input line 5798.
Package hyperref Info: PDF/A mode OFF on input line 5803.
LaTeX Info: Redefining \ref on input line 5843.
LaTeX Info: Redefining \pageref on input line 5847.
\Hy@abspage=\count294
\c@Item=\count295
\c@Hfootnote=\count296
)

Package hyperref Message: Driver (autodetected): hpdftex.

(/usr/share/texlive/texmf-dist/tex/latex/hyperref/hpdftex.def
File: hpdftex.def 2012/05/13 v6.82q Hyperref driver for pdfTeX
\Fld@listcount=\count297
\c@bookmark@seq@number=\count298

(/usr/share/texlive/texmf-dist/tex/latex/oberdiek/rerunfilecheck.sty
Package: rerunfilecheck 2011/04/15 v1.7 Rerun checks for auxiliary files (HO)
Package uniquecounter Info: New unique counter `rerunfilecheck' on input line 2
82.
)
\Hy@SectionHShift=\skip66
)
(/usr/share/texlive/texmf-dist/tex/latex/tools/longtable.sty
Package: longtable 2004/02/01 v4.11 Multi-page Table package (DPC)
\LTleft=\skip67
\LTright=\skip68
\LTpre=\skip69
\LTpost=\skip70
\LTchunksize=\count299
\LTcapwidth=\dimen137
\LT@head=\box52
\LT@firsthead=\box53
\LT@foot=\box54
\LT@lastfoot=\box55
\LT@cols=\count300
\LT@rows=\count301
\c@LT@tables=\count302
\c@LT@chunks=\count303
\LT@p@ftn=\toks21
)
(/usr/share/texlive/texmf-dist/tex/latex/booktabs/booktabs.sty
Package: booktabs 2005/04/14 v1.61803 publication quality tables
\heavyrulewidth=\dimen138
\lightrulewidth=\dimen139
\cmidrulewidth=\dimen140
\belowrulesep=\dimen141
\belowbottomsep=\dimen142
\aboverulesep=\dimen143
\abovetopsep=\dimen144
\cmidrulesep=\dimen145
\cmidrulekern=\dimen146
\defaultaddspace=\dimen147
\@cmidla=\count304
\@cmidlb=\count305
\@aboverulesep=\dimen148
\@belowrulesep=\dimen149
\@thisruleclass=\count306
\@lastruleclass=\count307
\@thisrulewidth=\dimen150
)
(/usr/share/texlive/texmf-dist/tex/latex/placeins/placeins.sty
Package: placeins 2005/04/18  v 2.2
)
Package biblatex Info: Trying to load language 'english'...
Package biblatex Info: ... file 'english.lbx' found.

(/usr/share/texlive/texmf-dist/tex/latex/biblatex/lbx/english.lbx
File: english.lbx 2014/06/25 v2.9a biblatex localization (PK/JW/AB)
)
\@quotelevel=\count308
\@quotereset=\count309

(./full_paper.aux)
\openout1 = `full_paper.aux'.

LaTeX Font Info:    Checking defaults for OML/cmm/m/it on input line 36.
LaTeX Font Info:    ... okay on input line 36.
LaTeX Font Info:    Checking defaults for T1/cmr/m/n on input line 36.
LaTeX Font Info:    ... okay on input line 36.
LaTeX Font Info:    Checking defaults for OT1/cmr/m/n on input line 36.
LaTeX Font Info:    ... okay on input line 36.
LaTeX Font Info:    Checking defaults for OMS/cmsy/m/n on input line 36.
LaTeX Font Info:    ... okay on input line 36.
LaTeX Font Info:    Checking defaults for OMX/cmex/m/n on input line 36.
LaTeX Font Info:    ... okay on input line 36.
LaTeX Font Info:    Checking defaults for U/cmr/m/n on input line 36.
LaTeX Font Info:    ... okay on input line 36.
LaTeX Font Info:    Checking defaults for PD1/pdf/m/n on input line 36.
LaTeX Font Info:    ... okay on input line 36.
 (/usr/share/texlive/texmf-dist/tex/latex/crop/crop.sty
Package: crop 2003/05/20 v1.9 crop marks (mf)
\stockwidth=\dimen151
\stockheight=\dimen152
\CROP@index=\count310
Package crop Info: requested driver: `' on input line 123.
Package crop Info: detected driver: `pdftex' on input line 123.
\CROP@offset=\count311
Package crop Info: Local config file crop.cfg used on input line 605.

(/usr/share/texlive/texmf-dist/tex/xelatex/xetexconfig/crop.cfg)
Package crop Info: using `pdftex' graphics driver on input line 607.
)
(/usr/share/texlive/texmf-dist/tex/context/base/supp-pdf.mkii
[Loading MPS to PDF converter (version 2006.09.02).]
\scratchcounter=\count312
\scratchdimen=\dimen153
\scratchbox=\box56
\nofMPsegments=\count313
\nofMParguments=\count314
\everyMPshowfont=\toks22
\MPscratchCnt=\count315
\MPscratchDim=\dimen154
\MPnumerator=\count316
\makeMPintoPDFobject=\count317
\everyMPtoPDFconversion=\toks23
)
Package biblatex Info: No input encoding detected.
(biblatex)             Assuming 'ascii'.
Package biblatex Info: Automatic encoding selection.
(biblatex)             Assuming data encoding 'ascii'.
\openout3 = `full_paper.bcf'.

Package biblatex Info: Trying to load bibliographic data...
Package biblatex Info: ... file 'full_paper.bbl' found.
 (./full_paper.bbl

Package biblatex Warning: Biber reported the following issues
(biblatex)                with 'Anderson2001a':
(biblatex)                - Overwriting field 'year' with year value from field
 'date' for entry 'Anderson2001a'.


Package biblatex Warning: Biber reported the following issues
(biblatex)                with 'Anderson2006':
(biblatex)                - Overwriting field 'year' with year value from field
 'date' for entry 'Anderson2006'.


Package biblatex Warning: Biber reported the following issues
(biblatex)                with 'YBenjamini1995':
(biblatex)                - Overwriting field 'year' with year value from field
 'date' for entry 'YBenjamini1995'.


Package biblatex Warning: Biber reported the following issues
(biblatex)                with '10543821':
(biblatex)                - Overwriting field 'year' with year value from field
 'date' for entry '10543821'.


Package biblatex Warning: Biber reported the following issues
(biblatex)                with 'ColemanCrossley_1996':
(biblatex)                - Overwriting field 'year' with year value from field
 'date' for entry 'ColemanCrossley_1996'.


Package biblatex Warning: Biber reported the following issues
(biblatex)                with '11125085':
(biblatex)                - Datamodel: Entry '11125085' (bibliography/biblio.bi
b): Invalid format '2001 Jan 1' of date field 'date' - ignoring.


Package biblatex Warning: Biber reported the following issues
(biblatex)                with 'Lewin1970':
(biblatex)                - Overwriting field 'year' with year value from field
 'date' for entry 'Lewin1970'.


Package biblatex Warning: Biber reported the following issues
(biblatex)                with 'Schloss2006':
(biblatex)                - Overwriting field 'year' with year value from field
 'date' for entry 'Schloss2006'.

)
Package biblatex Info: Reference section=0 on input line 36.
Package biblatex Info: Reference segment=0 on input line 36.
\AtBeginShipoutBox=\box57
Package atbegshi Info: Package `crop' patched.
Package hyperref Info: Link coloring OFF on input line 36.
 (/usr/share/texlive/texmf-dist/tex/latex/hyperref/nameref.sty
Package: nameref 2010/04/30 v2.40 Cross-referencing by name of section

(/usr/share/texlive/texmf-dist/tex/generic/oberdiek/gettitlestring.sty
Package: gettitlestring 2010/12/03 v1.4 Cleanup title references (HO)
)
\c@section@level=\count318
)
LaTeX Info: Redefining \ref on input line 36.
LaTeX Info: Redefining \pageref on input line 36.
LaTeX Info: Redefining \nameref on input line 36.

(./full_paper.out) (./full_paper.out)
\@outlinefile=\write4
\openout4 = `full_paper.out'.

) (./header.tex (./title.tex)
LaTeX Font Info:    Try loading font information for U+msa on input line 12.

(/usr/share/texlive/texmf-dist/tex/latex/amsfonts/umsa.fd
File: umsa.fd 2009/06/22 v3.00 AMS symbols A
)
LaTeX Font Info:    Try loading font information for U+msb on input line 12.

(/usr/share/texlive/texmf-dist/tex/latex/amsfonts/umsb.fd
File: umsb.fd 2009/06/22 v3.00 AMS symbols B
))

Package hyperref Warning: Ignoring empty anchor on input line 4.

(./Abstract.tex) (./kwabbr.tex) (./Introduction.tex) (./Results.tex [1{/var/lib
/texmf/fonts/map/pdftex/updmap/pdftex.map}

]

Package hyperref Warning: Token not allowed in a PDF string (PDFDocEncoding):
(hyperref)                removing `math shift' on input line 70.


Package hyperref Warning: Token not allowed in a PDF string (PDFDocEncoding):
(hyperref)                removing `superscript' on input line 70.


Package hyperref Warning: Token not allowed in a PDF string (PDFDocEncoding):
(hyperref)                removing `math shift' on input line 70.

[2] [3]) (./Discussion.tex [4]

Package hyperref Warning: Token not allowed in a PDF string (PDFDocEncoding):
(hyperref)                removing `math shift' on input line 93.


Package hyperref Warning: Token not allowed in a PDF string (PDFDocEncoding):
(hyperref)                removing `superscript' on input line 93.


Package hyperref Warning: Token not allowed in a PDF string (PDFDocEncoding):
(hyperref)                removing `math shift' on input line 93.


Package hyperref Warning: Token not allowed in a PDF string (PDFDocEncoding):
(hyperref)                removing `math shift' on input line 93.


Package hyperref Warning: Token not allowed in a PDF string (PDFDocEncoding):
(hyperref)                removing `superscript' on input line 93.


Package hyperref Warning: Token not allowed in a PDF string (PDFDocEncoding):
(hyperref)                removing `math shift' on input line 93.

[5]) (./Methods.tex
LaTeX Font Info:    Try loading font information for OML+cmr on input line 8.
 (/usr/share/texlive/texmf-dist/tex/latex/base/omlcmr.fd
File: omlcmr.fd 1999/05/25 v2.5h Standard LaTeX font definitions
)
LaTeX Font Info:    Font shape `OML/cmr/m/n' in size <9> not available
(Font)              Font shape `OML/cmm/m/it' tried instead on input line 8.
)
[6] [7] [8] (./figures.tex
<figures/ordination_all1/ordination_all.pdf, id=337, 1156.32pt x 433.62pt>
File: figures/ordination_all1/ordination_all.pdf Graphic file (type pdf)

<use figures/ordination_all1/ordination_all.pdf>
Package pdftex.def Info: figures/ordination_all1/ordination_all.pdf used on inp
ut line 18.
(pdftex.def)             Requested size: 510.0pt x 191.24992pt.

(./figures/ordination_all1/caption.tex) (./figures/ordination_all1/caption.tex)
<figures/l2fc_fig1/l2fc_fig.pdf, id=338, 837.88533pt x 575.7761pt>
File: figures/l2fc_fig1/l2fc_fig.pdf Graphic file (type pdf)

<use figures/l2fc_fig1/l2fc_fig.pdf>
Package pdftex.def Info: figures/l2fc_fig1/l2fc_fig.pdf used on input line 25.
(pdftex.def)             Requested size: 510.0pt x 350.45854pt.
 (./figures/l2fc_fig1/caption.tex)
(./figures/l2fc_fig1/caption.tex)
<figures/xylose_rspndr_bar/xylose_rspndr_bar.pdf, id=339, 216.81pt x 433.62pt>
File: figures/xylose_rspndr_bar/xylose_rspndr_bar.pdf Graphic file (type pdf)

<use figures/xylose_rspndr_bar/xylose_rspndr_bar.pdf>
Package pdftex.def Info: figures/xylose_rspndr_bar/xylose_rspndr_bar.pdf used o
n input line 32.
(pdftex.def)             Requested size: 153.00156pt x 306.01973pt.

(./figures/xylose_rspndr_bar/caption.tex)
<figures/shift_and_rabund1/shift_and_rabund.png, id=340, 722.7pt x 289.08pt>
File: figures/shift_and_rabund1/shift_and_rabund.png Graphic file (type png)

<use figures/shift_and_rabund1/shift_and_rabund.png>
Package pdftex.def Info: figures/shift_and_rabund1/shift_and_rabund.png used on
 input line 46.
(pdftex.def)             Requested size: 510.0pt x 203.99991pt.

(./figures/shift_and_rabund1/caption.tex)
(./figures/shift_and_rabund1/caption.tex)
<figures/copy_number/copy_number.pdf, id=341, 650.43pt x 289.08pt>
File: figures/copy_number/copy_number.pdf Graphic file (type pdf)

<use figures/copy_number/copy_number.pdf>
Package pdftex.def Info: figures/copy_number/copy_number.pdf used on input line
 54.
(pdftex.def)             Requested size: 510.0pt x 226.67245pt.
 (./figures/copy_number/caption.tex))
[9 <./figures/ordination_all1/ordination_all.pdf> <./figures/l2fc_fig1/l2fc_fig
.pdf>] [10 <./figures/xylose_rspndr_bar/xylose_rspndr_bar.pdf> <./figures/shift
_and_rabund1/shift_and_rabund.png (PNG copy)>] [11 <./figures/copy_number/copy_
number.pdf>] (./supp_figs.tex
<figures/l2fc_time/l2fc_time.pdf, id=486, 578.16pt x 722.7pt>
File: figures/l2fc_time/l2fc_time.pdf Graphic file (type pdf)

<use figures/l2fc_time/l2fc_time.pdf>
Package pdftex.def Info: figures/l2fc_time/l2fc_time.pdf used on input line 4.
(pdftex.def)             Requested size: 255.0pt x 318.74988pt.
pdfTeX warning (ext4): destination with the same identifier (name{figure.1}) ha
s been already used, duplicate ignored
<to be read again> 
                   \relax 
l.5 ...otect\input{figures/l2fc_time/caption.tex}}
                                                  \label{fig:time}
(./figures/l2fc_time/caption.tex)pdfTeX warning (ext4): destination with the sa
me identifier (name{figure.1}) has been already used, duplicate ignored
<to be read again> 
                   \relax 
l.5 ...otect\input{figures/l2fc_time/caption.tex}}
                                                  \label{fig:time}
(./figures/l2fc_time/caption.tex)
<figures/abndVtime_class/abndVtime_class.pdf, id=487, 578.16pt x 433.62pt>
File: figures/abndVtime_class/abndVtime_class.pdf Graphic file (type pdf)

<use figures/abndVtime_class/abndVtime_class.pdf>
Package pdftex.def Info: figures/abndVtime_class/abndVtime_class.pdf used on in
put line 10.
(pdftex.def)             Requested size: 306.00311pt x 229.49991pt.
pdfTeX warning (ext4): destination with the same identifier (name{figure.2}) ha
s been already used, duplicate ignored
<to be read again> 
                   \relax 
l.11 ...nput{figures/abndVtime_class/caption.tex}}
                                                  \label{fig:time_class}
(./figures/abndVtime_class/caption.tex)
<figures/bacteria_tree/bacteria_tree.pdf, id=488, 359.86633pt x 1875.31364pt>
File: figures/bacteria_tree/bacteria_tree.pdf Graphic file (type pdf)

<use figures/bacteria_tree/bacteria_tree.pdf>
Package pdftex.def Info: figures/bacteria_tree/bacteria_tree.pdf used on input 
line 18.
(pdftex.def)             Requested size: 127.5pt x 664.41042pt.
pdfTeX warning (ext4): destination with the same identifier (name{figure.3}) ha
s been already used, duplicate ignored
<to be read again> 
                   \relax 
l.19 ...\input{figures/bacteria_tree/caption.tex}}
                                                  \label{fig:trees}
(./figures/bacteria_tree/caption.tex)pdfTeX warning (ext4): destination with th
e same identifier (name{figure.3}) has been already used, duplicate ignored
<to be read again> 
                   \relax 
l.19 ...\input{figures/bacteria_tree/caption.tex}}
                                                  \label{fig:trees}
(./figures/bacteria_tree/caption.tex)

LaTeX Warning: Float too large for page by 31.01045pt on input line 21.

<figures/bulk_ordination/bulk_ordination.pdf, id=489, 939.51pt x 361.35pt>
File: figures/bulk_ordination/bulk_ordination.pdf Graphic file (type pdf)

<use figures/bulk_ordination/bulk_ordination.pdf>
Package pdftex.def Info: figures/bulk_ordination/bulk_ordination.pdf used on in
put line 25.
(pdftex.def)             Requested size: 510.0pt x 196.15164pt.
pdfTeX warning (ext4): destination with the same identifier (name{figure.4}) ha
s been already used, duplicate ignored
<to be read again> 
                   \relax 
l.26 ...nput{figures/bulk_ordination/caption.tex}}
                                                  \label{fig:bulk_ord}
(./figures/bulk_ordination/caption.tex)
<figures/bulk_phylum_rspndr_abund/bulk_phylum_rspndr_abund.pdf, id=490, 361.35p
t x 722.7pt>
File: figures/bulk_phylum_rspndr_abund/bulk_phylum_rspndr_abund.pdf Graphic fil
e (type pdf)

<use figures/bulk_phylum_rspndr_abund/bulk_phylum_rspndr_abund.pdf>
Package pdftex.def Info: figures/bulk_phylum_rspndr_abund/bulk_phylum_rspndr_ab
und.pdf used on input line 32.
(pdftex.def)             Requested size: 203.99689pt x 407.99542pt.
pdfTeX warning (ext4): destination with the same identifier (name{figure.5}) ha
s been already used, duplicate ignored
<to be read again> 
                   \relax 
l.33 ...res/bulk_phylum_rspndr_abund/caption.tex}}
                                                  \label{fig:babund}
(./figures/bulk_phylum_rspndr_abund/caption.tex)
<figures/all_rspndr_bar/all_rspndr_bar.pdf, id=491, 361.35pt x 216.81pt>
File: figures/all_rspndr_bar/all_rspndr_bar.pdf Graphic file (type pdf)

<use figures/all_rspndr_bar/all_rspndr_bar.pdf>
Package pdftex.def Info: figures/all_rspndr_bar/all_rspndr_bar.pdf used on inpu
t line 40.
(pdftex.def)             Requested size: 382.5pt x 229.5032pt.

(./figures/all_rspndr_bar/caption.tex)
<figures/foodweb/foodweb.png, id=492, 667.49374pt x 433.62pt>
File: figures/foodweb/foodweb.png Graphic file (type png)

<use figures/foodweb/foodweb.png>
Package pdftex.def Info: figures/foodweb/foodweb.png used on input line 47.
(pdftex.def)             Requested size: 382.5pt x 248.48926pt.
 (./figures/foodweb/caption.tex)
(./table_cellulose.tex
Overfull \hbox (48.45488pt too wide) in alignment at lines 1--7
 [] [] [] [] [] 
 []


Overfull \hbox (48.45488pt too wide) in alignment at lines 7--14
 [] [] [] [] [] 
 []


Underfull \hbox (badness 10000) in paragraph at lines 15--15
[]|[] []
 []


Underfull \hbox (badness 10000) in paragraph at lines 16--16
[]|[]\OT1/cmr/m/n/9 ,
 []


Underfull \hbox (badness 10000) in paragraph at lines 16--16
[]|[] []
 []


Underfull \hbox (badness 10000) in paragraph at lines 17--17
[]|[] []
 []


Underfull \hbox (badness 10000) in paragraph at lines 24--24
[]|[] []
 []


Underfull \hbox (badness 10000) in paragraph at lines 25--25
[]|[] []
 []


Underfull \hbox (badness 10000) in paragraph at lines 26--26
[]|[] []
 []


Underfull \hbox (badness 10000) in paragraph at lines 27--27
[]|[] []
 []


Underfull \hbox (badness 10000) in paragraph at lines 29--29
[]|[] []
 []


Underfull \hbox (badness 10000) in paragraph at lines 30--30
[]|[] []
 []


Underfull \hbox (badness 10000) in paragraph at lines 31--31
[]|[] []
 []


Underfull \hbox (badness 10000) in paragraph at lines 32--32
[]|[] []
 []


Underfull \hbox (badness 10000) in paragraph at lines 33--33
[]|[] []
 []


Underfull \hbox (badness 10000) in paragraph at lines 34--34
[]|[] []
 []


Overfull \hbox (48.45488pt too wide) in alignment at lines 14--34
 [] [] [] [] [] 
 []


Underfull \hbox (badness 10000) in paragraph at lines 35--35
[]|[] []
 []


Underfull \hbox (badness 10000) in paragraph at lines 36--36
[]|[] []
 []


Underfull \hbox (badness 10000) in paragraph at lines 37--37
[]|[] []
 []


Underfull \hbox (badness 10000) in paragraph at lines 38--38
[]|[]\OT1/cmr/m/n/9 ,
 []


Underfull \hbox (badness 10000) in paragraph at lines 38--38
[]|[] []
 []


Underfull \hbox (badness 10000) in paragraph at lines 39--39
[]|[]\OT1/cmr/m/n/9 ,
 []


Underfull \hbox (badness 10000) in paragraph at lines 39--39
[]|[] []
 []


Underfull \hbox (badness 10000) in paragraph at lines 40--40
[]|[] []
 []


Underfull \hbox (badness 10000) in paragraph at lines 41--41
[]|[]\OT1/cmr/m/n/9 ,
 []


Underfull \hbox (badness 10000) in paragraph at lines 41--41
[]|[] []
 []


Underfull \hbox (badness 10000) in paragraph at lines 43--43
[]|[]\OT1/cmr/m/n/9 , [],
 []


Underfull \hbox (badness 10000) in paragraph at lines 45--45
[]|[]\OT1/cmr/m/n/9 ,
 []


Underfull \hbox (badness 10000) in paragraph at lines 45--45
[]\OT1/cmr/m/n/9 ,
 []


Underfull \hbox (badness 10000) in paragraph at lines 45--45
[]\OT1/cmr/m/n/9 ,
 []


Underfull \hbox (badness 10000) in paragraph at lines 49--49
[]|[]\OT1/cmr/m/n/9 ,
 []


Underfull \hbox (badness 10000) in paragraph at lines 49--49
[]\OT1/cmr/m/n/9 ,
 []


Underfull \hbox (badness 10000) in paragraph at lines 49--49
[]\OT1/cmr/m/n/9 ,
 []


Overfull \hbox (23.69534pt too wide) in paragraph at lines 49--49
[]\OT1/cmr/m/n/9 ,
 []


Underfull \hbox (badness 10000) in paragraph at lines 49--49
[]\OT1/cmr/m/n/9 ,
 []


Underfull \hbox (badness 10000) in paragraph at lines 51--51
[]|[]\OT1/cmr/m/n/9 ,
 []


Underfull \hbox (badness 10000) in paragraph at lines 51--51
[]\OT1/cmr/m/n/9 ,
 []


Underfull \hbox (badness 10000) in paragraph at lines 51--51
[]\OT1/cmr/m/n/9 ,
 []


Underfull \hbox (badness 10000) in paragraph at lines 51--51
[]|[] []
 []


Underfull \hbox (badness 10000) in paragraph at lines 52--52
[]|[] []
 []


Underfull \hbox (badness 10000) in paragraph at lines 53--53
[]|[] []
 []


Underfull \hbox (badness 10000) in paragraph at lines 54--54
[]|[]\OT1/cmr/m/n/9 ,
 []


Underfull \hbox (badness 10000) in paragraph at lines 54--54
[]|[] []
 []


Overfull \hbox (48.45488pt too wide) in alignment at lines 34--54
 [] [] [] [] [] 
 []


Underfull \hbox (badness 10000) in paragraph at lines 55--55
[]|[]\OT1/cmr/m/n/9 ,
 []


Underfull \hbox (badness 10000) in paragraph at lines 55--55
[]\OT1/cmr/m/n/9 ,
 []


Underfull \hbox (badness 10000) in paragraph at lines 55--55
[]\OT1/cmr/m/n/9 ,
 []


Underfull \hbox (badness 10000) in paragraph at lines 55--55
[]\OT1/cmr/m/n/9 ,
 []


Underfull \hbox (badness 10000) in paragraph at lines 55--55
[]|[] []
 []


Underfull \hbox (badness 10000) in paragraph at lines 62--62
[]|[] []
 []


Underfull \hbox (badness 10000) in paragraph at lines 63--63
[]|[]\OT1/cmr/m/n/9 ,
 []


Underfull \hbox (badness 10000) in paragraph at lines 63--63
[]\OT1/cmr/m/n/9 ,
 []


Underfull \hbox (badness 10000) in paragraph at lines 63--63
[]|[] []
 []


Underfull \hbox (badness 10000) in paragraph at lines 64--64
[]|[]\OT1/cmr/m/n/9 ,
 []


Underfull \hbox (badness 10000) in paragraph at lines 64--64
[]|[] []
 []


Underfull \hbox (badness 10000) in paragraph at lines 65--65
[]|[]\OT1/cmr/m/n/9 ,
 []


Underfull \hbox (badness 10000) in paragraph at lines 65--65
[]|[] []
 []


Underfull \hbox (badness 10000) in paragraph at lines 66--66
[]|[]\OT1/cmr/m/n/9 ,
 []


Underfull \hbox (badness 10000) in paragraph at lines 66--66
[]|[] []
 []


Underfull \hbox (badness 10000) in paragraph at lines 67--67
[]|[] []
 []


Underfull \hbox (badness 10000) in paragraph at lines 68--68
[]|[] []
 []


Underfull \hbox (badness 10000) in paragraph at lines 69--69
[]|[] []
 []


Underfull \hbox (badness 10000) in paragraph at lines 70--70
[]|[] []
 []


Underfull \hbox (badness 10000) in paragraph at lines 71--71
[]|[] []
 []


Underfull \hbox (badness 10000) in paragraph at lines 72--72
[]|[] []
 []


Underfull \hbox (badness 10000) in paragraph at lines 73--73
[]|[] []
 []


Overfull \hbox (15.41463pt too wide) in paragraph at lines 74--74
[]|[]| 
 []


Underfull \hbox (badness 10000) in paragraph at lines 74--74
[]|[] []
 []


Overfull \hbox (48.45488pt too wide) in alignment at lines 54--74
 [] [] [] [] [] 
 []

[12

]
Overfull \hbox (25.85794pt too wide) in paragraph at lines 75--75
[]|[]| 
 []


Underfull \hbox (badness 10000) in paragraph at lines 75--75
[]|[] []
 []


Overfull \hbox (17.98405pt too wide) in paragraph at lines 76--76
[]|[]\OT1/cmr/m/n/9 ,
 []


Underfull \hbox (badness 10000) in paragraph at lines 76--76
[]|[] []
 []


Overfull \hbox (48.45488pt too wide) in alignment at lines 74--80
 [] [] [] [] [] 
 []

[13]) (./table_xyl.tex
Overfull \hbox (48.45488pt too wide) in alignment at lines 3--9
 [] [] [] [] [] 
 []


Overfull \hbox (48.45488pt too wide) in alignment at lines 9--16
 [] [] [] [] [] 
 []


Underfull \hbox (badness 10000) in paragraph at lines 17--17
[]|[]\OT1/cmr/m/n/9 ,
 []


Underfull \hbox (badness 10000) in paragraph at lines 17--17
[]\OT1/cmr/m/n/9 ,
 []


Underfull \hbox (badness 10000) in paragraph at lines 17--17
[]\OT1/cmr/m/n/9 ,
 []


Underfull \hbox (badness 10000) in paragraph at lines 17--17
[]\OT1/cmr/m/n/9 ,
 []


Underfull \hbox (badness 10000) in paragraph at lines 17--17
[]\OT1/cmr/m/n/9 ,
 []


Underfull \hbox (badness 10000) in paragraph at lines 19--19
[]|[]\OT1/cmr/m/n/9 ,
 []


Underfull \hbox (badness 10000) in paragraph at lines 19--19
[]\OT1/cmr/m/n/9 ,
 []


Underfull \hbox (badness 10000) in paragraph at lines 19--19
[]\OT1/cmr/m/n/9 ,
 []


Underfull \hbox (badness 10000) in paragraph at lines 19--19
[]\OT1/cmr/m/n/9 ,
 []


Underfull \hbox (badness 10000) in paragraph at lines 21--21
[]|[]\OT1/cmr/m/n/9 ,
 []


Underfull \hbox (badness 10000) in paragraph at lines 21--21
[]\OT1/cmr/m/n/9 ,
 []


Underfull \hbox (badness 10000) in paragraph at lines 21--21
[]\OT1/cmr/m/n/9 ,
 []


Underfull \hbox (badness 10000) in paragraph at lines 21--21
[]\OT1/cmr/m/n/9 ,
 []


Underfull \hbox (badness 10000) in paragraph at lines 22--22
[]|[]\OT1/cmr/m/n/9 ,
 []


Underfull \hbox (badness 10000) in paragraph at lines 22--22
[]\OT1/cmr/m/n/9 ,
 []


Underfull \hbox (badness 10000) in paragraph at lines 22--22
[]|[] []
 []


Underfull \hbox (badness 10000) in paragraph at lines 23--23
[]|[] []
 []


Underfull \hbox (badness 10000) in paragraph at lines 24--24
[]|[]\OT1/cmr/m/n/9 ,
 []


Underfull \hbox (badness 10000) in paragraph at lines 24--24
[]|[] []
 []


Underfull \hbox (badness 10000) in paragraph at lines 26--26
[]|[]\OT1/cmr/m/n/9 ,
 []


Underfull \hbox (badness 10000) in paragraph at lines 26--26
[]\OT1/cmr/m/n/9 ,
 []


Underfull \hbox (badness 10000) in paragraph at lines 27--27
[]|[]\OT1/cmr/m/n/9 ,
 []


Underfull \hbox (badness 10000) in paragraph at lines 29--29
[]|[]\OT1/cmr/m/n/9 ,
 []


Underfull \hbox (badness 10000) in paragraph at lines 30--30
[]|[]\OT1/cmr/m/n/9 ,
 []


Overfull \hbox (2.06589pt too wide) in paragraph at lines 30--30
[]\OT1/cmr/m/n/9 ,
 []


Underfull \hbox (badness 10000) in paragraph at lines 32--32
[]|[]\OT1/cmr/m/n/9 ,
 []


Underfull \hbox (badness 10000) in paragraph at lines 33--33
[]|[] []
 []


Underfull \hbox (badness 10000) in paragraph at lines 34--34
[]|[] []
 []


Underfull \hbox (badness 10000) in paragraph at lines 35--35
[]|[] []
 []


Underfull \hbox (badness 10000) in paragraph at lines 36--36
[]|[] []
 []


Overfull \hbox (48.45488pt too wide) in alignment at lines 16--36
 [] [] [] [] [] 
 []


Underfull \hbox (badness 10000) in paragraph at lines 37--37
[]|[]\OT1/cmr/m/n/9 ,
 []


Underfull \hbox (badness 10000) in paragraph at lines 38--38
[]|[]\OT1/cmr/m/n/9 ,
 []


Underfull \hbox (badness 10000) in paragraph at lines 38--38
[]\OT1/cmr/m/n/9 ,
 []


Underfull \hbox (badness 10000) in paragraph at lines 38--38
[]\OT1/cmr/m/n/9 ,
 []


Underfull \hbox (badness 10000) in paragraph at lines 38--38
[]\OT1/cmr/m/n/9 ,
 []


Underfull \hbox (badness 10000) in paragraph at lines 47--47
[]|[]\OT1/cmr/m/n/9 ,
 []


Underfull \hbox (badness 10000) in paragraph at lines 47--47
[]\OT1/cmr/m/n/9 ,
 []


Underfull \hbox (badness 10000) in paragraph at lines 47--47
[]\OT1/cmr/m/n/9 ,
 []


Underfull \hbox (badness 10000) in paragraph at lines 51--51
[]|[]\OT1/cmr/m/n/9 ,
 []


Underfull \hbox (badness 10000) in paragraph at lines 52--52
[]|[]\OT1/cmr/m/n/9 ,
 []


Underfull \hbox (badness 10000) in paragraph at lines 53--53
[]|[] []
 []


Underfull \hbox (badness 10000) in paragraph at lines 54--54
[]|[] []
 []


Underfull \hbox (badness 10000) in paragraph at lines 55--55
[]|[]\OT1/cmr/m/n/9 ,
 []


Underfull \hbox (badness 10000) in paragraph at lines 55--55
[]\OT1/cmr/m/n/9 ,
 []


Underfull \hbox (badness 10000) in paragraph at lines 55--55
[]|[] []
 []


Underfull \hbox (badness 10000) in paragraph at lines 56--56
[]|[]\OT1/cmr/m/n/9 , [],
 []


Underfull \hbox (badness 10000) in paragraph at lines 56--56
[]\OT1/cmr/m/n/9 , [],
 []


Underfull \hbox (badness 10000) in paragraph at lines 56--56
[]\OT1/cmr/m/n/9 ,
 []


Underfull \hbox (badness 10000) in paragraph at lines 56--56
[]|[] []
 []


Overfull \hbox (48.45488pt too wide) in alignment at lines 36--56
 [] [] [] [] [] 
 []

[14]
Overfull \hbox (48.45488pt too wide) in alignment at lines 56--61
 [] [] [] [] [] 
 []

[15]))
Package atveryend Info: Empty hook `BeforeClearDocument' on input line 18.
 [16] [17 <./figures/l2fc_time/l2fc_time.pdf> <./figures/abndVtime_class/abndVt
ime_class.pdf>] [18 <./figures/bacteria_tree/bacteria_tree.pdf>] [19 <./figures
/bulk_ordination/bulk_ordination.pdf> <./figures/bulk_phylum_rspndr_abund/bulk_
phylum_rspndr_abund.pdf>] [20 <./figures/all_rspndr_bar/all_rspndr_bar.pdf> <./
figures/foodweb/foodweb.png>]
Package atveryend Info: Empty hook `AfterLastShipout' on input line 18.
 (./full_paper.aux)
Package atveryend Info: Executing hook `AtVeryEndDocument' on input line 18.
Package atveryend Info: Executing hook `AtEndAfterFileList' on input line 18.
Package rerunfilecheck Info: File `full_paper.out' has not changed.
(rerunfilecheck)             Checksum: 1DF96EAD6D996D3F9A46224421656D9B;1327.
Package logreq Info: Writing requests to 'full_paper.run.xml'.
\openout1 = `full_paper.run.xml'.

 ) 
Here is how much of TeX's memory you used:
 12830 strings out of 493485
 201745 string characters out of 3143526
 674755 words of memory out of 3000000
 15759 multiletter control sequences out of 15000+200000
 16325 words of font info for 60 fonts, out of 3000000 for 9000
 957 hyphenation exceptions out of 8191
 51i,10n,58p,2083b,1165s stack positions out of 5000i,500n,10000p,200000b,50000s
</usr/share/texlive/texmf-dist/fonts/type1/public/amsfonts/cm/cmbx9.pfb></usr
/share/texlive/texmf-dist/fonts/type1/public/amsfonts/cm/cmmi9.pfb></usr/share/
texlive/texmf-dist/fonts/type1/public/amsfonts/cm/cmr6.pfb></usr/share/texlive/
texmf-dist/fonts/type1/public/amsfonts/cm/cmr8.pfb></usr/share/texlive/texmf-di
st/fonts/type1/public/amsfonts/cm/cmr9.pfb></usr/share/texlive/texmf-dist/fonts
/type1/public/amsfonts/cm/cmss10.pfb></usr/share/texlive/texmf-dist/fonts/type1
/public/amsfonts/cm/cmssbx10.pfb></usr/share/texlive/texmf-dist/fonts/type1/pub
lic/amsfonts/cm/cmssi10.pfb></usr/share/texlive/texmf-dist/fonts/type1/public/a
msfonts/cm/cmsy5.pfb></usr/share/texlive/texmf-dist/fonts/type1/public/amsfonts
/cm/cmsy6.pfb></usr/share/texlive/texmf-dist/fonts/type1/public/amsfonts/cm/cms
y9.pfb></usr/share/texlive/texmf-dist/fonts/type1/public/amsfonts/cm/cmti8.pfb>
</usr/share/texlive/texmf-dist/fonts/type1/public/amsfonts/cm/cmti9.pfb></usr/s
hare/texlive/texmf-dist/fonts/type1/public/amsfonts/latxfont/lcircle1.pfb>
Output written on full_paper.pdf (20 pages, 1796296 bytes).
PDF statistics:
 5188 PDF objects out of 6186 (max. 8388607)
 520 compressed objects within 6 object streams
 116 named destinations out of 1000 (max. 500000)
 189 words of extra memory for PDF output out of 10000 (max. 10000000)

