\BOOKMARK [1][-]{section.1}{Supplemental Discussion}{}% 1
\BOOKMARK [2][-]{subsection.1.1}{Supplemental note 1 \205 Phylogenetic affiliation of cellulose responders}{section.1}% 2
\BOOKMARK [2][-]{subsection.1.2}{Supplemental note 2 \205 Implications for soil-C models}{section.1}% 3
\BOOKMARK [2][-]{subsection.1.3}{Supplemental note 3 \205 Evidence for trophic C exchange}{section.1}% 4
\BOOKMARK [2][-]{subsection.1.4}{Supplemental Note 4 \205 Major C components of plant biomass}{section.1}% 5
\BOOKMARK [2][-]{subsection.1.5}{Supplemental Note 5 \205 Fungal activity}{section.1}% 6
\BOOKMARK [2][-]{subsection.1.6}{Supplemental Note 6 \205 Experimental design}{section.1}% 7
\BOOKMARK [1][-]{section.2}{Supplemental Methods}{}% 8
\BOOKMARK [2][-]{subsection.2.1}{Soil Collection and Preparation}{section.2}% 9
\BOOKMARK [2][-]{subsection.2.2}{Cellulose production}{section.2}% 10
\BOOKMARK [2][-]{subsection.2.3}{Soil microcosms}{section.2}% 11
\BOOKMARK [2][-]{subsection.2.4}{Nucleic acid extraction}{section.2}% 12
\BOOKMARK [2][-]{subsection.2.5}{Isopycnic centrifugation and fractionation}{section.2}% 13
\BOOKMARK [2][-]{subsection.2.6}{DNA Sequencing}{section.2}% 14
\BOOKMARK [3][-]{subsubsection.2.6.1}{PCR amplification of SSU rRNA genes}{subsection.2.6}% 15
\BOOKMARK [3][-]{subsubsection.2.6.2}{DNA sequence quality control}{subsection.2.6}% 16
\BOOKMARK [3][-]{subsubsection.2.6.3}{OTU binning}{subsection.2.6}% 17
\BOOKMARK [3][-]{subsubsection.2.6.4}{Phylogenetic reconstruction}{subsection.2.6}% 18
\BOOKMARK [3][-]{subsubsection.2.6.5}{Ordination and statistical analysis of differences in SSU rRNA gene composition}{subsection.2.6}% 19
\BOOKMARK [2][-]{subsection.2.7}{OTU characteristics}{section.2}% 20
\BOOKMARK [3][-]{subsubsection.2.7.1}{Identifying 13C responders}{subsection.2.7}% 21
\BOOKMARK [3][-]{subsubsection.2.7.2}{Estimating rrn copy number}{subsection.2.7}% 22
\BOOKMARK [3][-]{subsubsection.2.7.3}{NRI, NTI, and consenTRAIT}{subsection.2.7}% 23
\BOOKMARK [3][-]{subsubsection.2.7.4}{Buoyant density shift estimates}{subsection.2.7}% 24
\BOOKMARK [3][-]{subsubsection.2.7.5}{Finding cultured relatives of OTUs}{subsection.2.7}% 25
\BOOKMARK [3][-]{subsubsection.2.7.6}{OTU changes in relative abundance with time}{subsection.2.7}% 26
\BOOKMARK [2][-]{subsection.2.8}{Sequencing and density fractionation statistics}{section.2}% 27
