This is pdfTeX, Version 3.1415926-2.4-1.40.13 (TeX Live 2012/Debian) (format=pdflatex 2014.7.14)  31 MAR 2015 12:55
entering extended mode
 restricted \write18 enabled.
 %&-line parsing enabled.
**supplemental.tex
(./supplemental.tex
LaTeX2e <2011/06/27>
Babel <v3.8m> and hyphenation patterns for english, dumylang, nohyphenation, et
hiopic, farsi, arabic, pinyin, croatian, bulgarian, ukrainian, russian, slovak,
 czech, danish, dutch, usenglishmax, ukenglish, finnish, french, basque, ngerma
n, german, swissgerman, ngerman-x-2012-05-30, german-x-2012-05-30, monogreek, g
reek, ibycus, ancientgreek, hungarian, bengali, tamil, hindi, telugu, gujarati,
 sanskrit, malayalam, kannada, assamese, marathi, oriya, panjabi, italian, lati
n, latvian, lithuanian, mongolian, mongolianlmc, nynorsk, bokmal, indonesian, e
speranto, coptic, welsh, irish, interlingua, serbian, serbianc, slovenian, friu
lan, romansh, estonian, romanian, armenian, uppersorbian, turkish, afrikaans, i
celandic, kurmanji, polish, portuguese, galician, catalan, spanish, swedish, th
ai, loaded.
(/usr/share/texlive/texmf-dist/tex/latex/base/article.cls
Document Class: article 2007/10/19 v1.4h Standard LaTeX document class
(/usr/share/texlive/texmf-dist/tex/latex/base/size10.clo
File: size10.clo 2007/10/19 v1.4h Standard LaTeX file (size option)
)
\c@part=\count79
\c@section=\count80
\c@subsection=\count81
\c@subsubsection=\count82
\c@paragraph=\count83
\c@subparagraph=\count84
\c@figure=\count85
\c@table=\count86
\abovecaptionskip=\skip41
\belowcaptionskip=\skip42
\bibindent=\dimen102
)
(/usr/share/texlive/texmf-dist/tex/latex/amsfonts/amsfonts.sty
Package: amsfonts 2009/06/22 v3.00 Basic AMSFonts support
\@emptytoks=\toks14
\symAMSa=\mathgroup4
\symAMSb=\mathgroup5
LaTeX Font Info:    Overwriting math alphabet `\mathfrak' in version `bold'
(Font)                  U/euf/m/n --> U/euf/b/n on input line 96.
)
(/usr/share/texlive/texmf-dist/tex/latex/amsmath/amsmath.sty
Package: amsmath 2000/07/18 v2.13 AMS math features
\@mathmargin=\skip43

For additional information on amsmath, use the `?' option.
(/usr/share/texlive/texmf-dist/tex/latex/amsmath/amstext.sty
Package: amstext 2000/06/29 v2.01

(/usr/share/texlive/texmf-dist/tex/latex/amsmath/amsgen.sty
File: amsgen.sty 1999/11/30 v2.0
\@emptytoks=\toks15
\ex@=\dimen103
))
(/usr/share/texlive/texmf-dist/tex/latex/amsmath/amsbsy.sty
Package: amsbsy 1999/11/29 v1.2d
\pmbraise@=\dimen104
)
(/usr/share/texlive/texmf-dist/tex/latex/amsmath/amsopn.sty
Package: amsopn 1999/12/14 v2.01 operator names
)
\inf@bad=\count87
LaTeX Info: Redefining \frac on input line 211.
\uproot@=\count88
\leftroot@=\count89
LaTeX Info: Redefining \overline on input line 307.
\classnum@=\count90
\DOTSCASE@=\count91
LaTeX Info: Redefining \ldots on input line 379.
LaTeX Info: Redefining \dots on input line 382.
LaTeX Info: Redefining \cdots on input line 467.
\Mathstrutbox@=\box26
\strutbox@=\box27
\big@size=\dimen105
LaTeX Font Info:    Redeclaring font encoding OML on input line 567.
LaTeX Font Info:    Redeclaring font encoding OMS on input line 568.
\macc@depth=\count92
\c@MaxMatrixCols=\count93
\dotsspace@=\muskip10
\c@parentequation=\count94
\dspbrk@lvl=\count95
\tag@help=\toks16
\row@=\count96
\column@=\count97
\maxfields@=\count98
\andhelp@=\toks17
\eqnshift@=\dimen106
\alignsep@=\dimen107
\tagshift@=\dimen108
\tagwidth@=\dimen109
\totwidth@=\dimen110
\lineht@=\dimen111
\@envbody=\toks18
\multlinegap=\skip44
\multlinetaggap=\skip45
\mathdisplay@stack=\toks19
LaTeX Info: Redefining \[ on input line 2666.
LaTeX Info: Redefining \] on input line 2667.
)
(/usr/share/texlive/texmf-dist/tex/latex/amsfonts/amssymb.sty
Package: amssymb 2009/06/22 v3.00
)
(/usr/share/texlive/texmf-dist/tex/latex/graphics/graphicx.sty
Package: graphicx 1999/02/16 v1.0f Enhanced LaTeX Graphics (DPC,SPQR)

(/usr/share/texlive/texmf-dist/tex/latex/graphics/keyval.sty
Package: keyval 1999/03/16 v1.13 key=value parser (DPC)
\KV@toks@=\toks20
)
(/usr/share/texlive/texmf-dist/tex/latex/graphics/graphics.sty
Package: graphics 2009/02/05 v1.0o Standard LaTeX Graphics (DPC,SPQR)

(/usr/share/texlive/texmf-dist/tex/latex/graphics/trig.sty
Package: trig 1999/03/16 v1.09 sin cos tan (DPC)
)
(/usr/share/texlive/texmf-dist/tex/latex/latexconfig/graphics.cfg
File: graphics.cfg 2010/04/23 v1.9 graphics configuration of TeX Live
)
Package graphics Info: Driver file: pdftex.def on input line 91.

(/usr/share/texlive/texmf-dist/tex/latex/pdftex-def/pdftex.def
File: pdftex.def 2011/05/27 v0.06d Graphics/color for pdfTeX

(/usr/share/texlive/texmf-dist/tex/generic/oberdiek/infwarerr.sty
Package: infwarerr 2010/04/08 v1.3 Providing info/warning/error messages (HO)
)
(/usr/share/texlive/texmf-dist/tex/generic/oberdiek/ltxcmds.sty
Package: ltxcmds 2011/11/09 v1.22 LaTeX kernel commands for general use (HO)
)
\Gread@gobject=\count99
))
\Gin@req@height=\dimen112
\Gin@req@width=\dimen113
)
(/usr/share/texlive/texmf-dist/tex/latex/graphics/color.sty
Package: color 2005/11/14 v1.0j Standard LaTeX Color (DPC)

(/usr/share/texlive/texmf-dist/tex/latex/latexconfig/color.cfg
File: color.cfg 2007/01/18 v1.5 color configuration of teTeX/TeXLive
)
Package color Info: Driver file: pdftex.def on input line 130.
)
(/usr/share/texlive/texmf-dist/tex/latex/url/url.sty
\Urlmuskip=\muskip11
Package: url 2006/04/12  ver 3.3  Verb mode for urls, etc.
)
(/usr/share/texlive/texmf-dist/tex/latex/natbib/natbib.sty
Package: natbib 2010/09/13 8.31b (PWD, AO)
\bibhang=\skip46
\bibsep=\skip47
LaTeX Info: Redefining \cite on input line 694.
\c@NAT@ctr=\count100
)
(/usr/share/texlive/texmf-dist/tex/latex/geometry/geometry.sty
Package: geometry 2010/09/12 v5.6 Page Geometry

(/usr/share/texlive/texmf-dist/tex/generic/oberdiek/ifpdf.sty
Package: ifpdf 2011/01/30 v2.3 Provides the ifpdf switch (HO)
Package ifpdf Info: pdfTeX in PDF mode is detected.
)
(/usr/share/texlive/texmf-dist/tex/generic/oberdiek/ifvtex.sty
Package: ifvtex 2010/03/01 v1.5 Detect VTeX and its facilities (HO)
Package ifvtex Info: VTeX not detected.
)
(/usr/share/texlive/texmf-dist/tex/generic/ifxetex/ifxetex.sty
Package: ifxetex 2010/09/12 v0.6 Provides ifxetex conditional
)
\Gm@cnth=\count101
\Gm@cntv=\count102
\c@Gm@tempcnt=\count103
\Gm@bindingoffset=\dimen114
\Gm@wd@mp=\dimen115
\Gm@odd@mp=\dimen116
\Gm@even@mp=\dimen117
\Gm@layoutwidth=\dimen118
\Gm@layoutheight=\dimen119
\Gm@layouthoffset=\dimen120
\Gm@layoutvoffset=\dimen121
\Gm@dimlist=\toks21
)
(/usr/share/texlive/texmf-dist/tex/latex/multirow/multirow.sty
\bigstrutjot=\dimen122
)
(/usr/share/texlive/texmf-dist/tex/latex/tools/array.sty
Package: array 2008/09/09 v2.4c Tabular extension package (FMi)
\col@sep=\dimen123
\extrarowheight=\dimen124
\NC@list=\toks22
\extratabsurround=\skip48
\backup@length=\skip49
)
(/usr/share/texlive/texmf-dist/tex/latex/booktabs/booktabs.sty
Package: booktabs 2005/04/14 v1.61803 publication quality tables
\heavyrulewidth=\dimen125
\lightrulewidth=\dimen126
\cmidrulewidth=\dimen127
\belowrulesep=\dimen128
\belowbottomsep=\dimen129
\aboverulesep=\dimen130
\abovetopsep=\dimen131
\cmidrulesep=\dimen132
\cmidrulekern=\dimen133
\defaultaddspace=\dimen134
\@cmidla=\count104
\@cmidlb=\count105
\@aboverulesep=\dimen135
\@belowrulesep=\dimen136
\@thisruleclass=\count106
\@lastruleclass=\count107
\@thisrulewidth=\dimen137
)
(/usr/share/texlive/texmf-dist/tex/latex/tools/longtable.sty
Package: longtable 2004/02/01 v4.11 Multi-page Table package (DPC)
\LTleft=\skip50
\LTright=\skip51
\LTpre=\skip52
\LTpost=\skip53
\LTchunksize=\count108
\LTcapwidth=\dimen138
\LT@head=\box28
\LT@firsthead=\box29
\LT@foot=\box30
\LT@lastfoot=\box31
\LT@cols=\count109
\LT@rows=\count110
\c@LT@tables=\count111
\c@LT@chunks=\count112
\LT@p@ftn=\toks23
)
(/usr/share/texlive/texmf-dist/tex/latex/threeparttablex/threeparttablex.sty
Package: threeparttablex 2010/07/14 v0.2 by daleif

(/usr/share/texlive/texmf-dist/tex/latex/threeparttable/threeparttable.sty
Package: threeparttable 2003/06/13  v 3.0
\@tempboxb=\box32
)
(/usr/share/texlive/texmf-dist/tex/latex/environ/environ.sty
Package: environ 2008/06/18 v0.2 A new way to define environments
)
\TPTL@width=\skip54
)
(/usr/share/texlive/texmf-dist/tex/latex/caption/caption.sty
Package: caption 2012/02/19 v3.2f Customizing captions (AR)

(/usr/share/texlive/texmf-dist/tex/latex/caption/caption3.sty
Package: caption3 2012/01/12 v1.4b caption3 kernel (AR)
\captionmargin=\dimen139
\captionmargin@=\dimen140
\captionwidth=\dimen141
\caption@indent=\dimen142
\caption@parindent=\dimen143
\caption@hangindent=\dimen144
)
\c@ContinuedFloat=\count113
Package caption Info: longtable package is loaded.

(/usr/share/texlive/texmf-dist/tex/latex/caption/ltcaption.sty
Package: ltcaption 2011/09/12 v1.3 longtable captions (AR)
)
Package caption Info: threeparttable package is loaded.
)
(/usr/share/texlive/texmf-dist/tex/latex/hyperref/hyperref.sty
Package: hyperref 2012/05/13 v6.82q Hypertext links for LaTeX

(/usr/share/texlive/texmf-dist/tex/generic/oberdiek/hobsub-hyperref.sty
Package: hobsub-hyperref 2012/05/28 v1.13 Bundle oberdiek, subset hyperref (HO)


(/usr/share/texlive/texmf-dist/tex/generic/oberdiek/hobsub-generic.sty
Package: hobsub-generic 2012/05/28 v1.13 Bundle oberdiek, subset generic (HO)
Package: hobsub 2012/05/28 v1.13 Construct package bundles (HO)
Package hobsub Info: Skipping package `infwarerr' (already loaded).
Package hobsub Info: Skipping package `ltxcmds' (already loaded).
Package: ifluatex 2010/03/01 v1.3 Provides the ifluatex switch (HO)
Package ifluatex Info: LuaTeX not detected.
Package hobsub Info: Skipping package `ifvtex' (already loaded).
Package: intcalc 2007/09/27 v1.1 Expandable calculations with integers (HO)
Package hobsub Info: Skipping package `ifpdf' (already loaded).
Package: etexcmds 2011/02/16 v1.5 Avoid name clashes with e-TeX commands (HO)
Package etexcmds Info: Could not find \expanded.
(etexcmds)             That can mean that you are not using pdfTeX 1.50 or
(etexcmds)             that some package has redefined \expanded.
(etexcmds)             In the latter case, load this package earlier.
Package: kvsetkeys 2012/04/25 v1.16 Key value parser (HO)
Package: kvdefinekeys 2011/04/07 v1.3 Define keys (HO)
Package: pdftexcmds 2011/11/29 v0.20 Utility functions of pdfTeX for LuaTeX (HO
)
Package pdftexcmds Info: LuaTeX not detected.
Package pdftexcmds Info: \pdf@primitive is available.
Package pdftexcmds Info: \pdf@ifprimitive is available.
Package pdftexcmds Info: \pdfdraftmode found.
Package: pdfescape 2011/11/25 v1.13 Implements pdfTeX's escape features (HO)
Package: bigintcalc 2012/04/08 v1.3 Expandable calculations on big integers (HO
)
Package: bitset 2011/01/30 v1.1 Handle bit-vector datatype (HO)
Package: uniquecounter 2011/01/30 v1.2 Provide unlimited unique counter (HO)
)
Package hobsub Info: Skipping package `hobsub' (already loaded).
Package: letltxmacro 2010/09/02 v1.4 Let assignment for LaTeX macros (HO)
Package: hopatch 2012/05/28 v1.2 Wrapper for package hooks (HO)
Package: xcolor-patch 2011/01/30 xcolor patch
Package: atveryend 2011/06/30 v1.8 Hooks at the very end of document (HO)
Package atveryend Info: \enddocument detected (standard20110627).
Package: atbegshi 2011/10/05 v1.16 At begin shipout hook (HO)
Package: refcount 2011/10/16 v3.4 Data extraction from label references (HO)
Package: hycolor 2011/01/30 v1.7 Color options for hyperref/bookmark (HO)
)
(/usr/share/texlive/texmf-dist/tex/latex/oberdiek/kvoptions.sty
Package: kvoptions 2011/06/30 v3.11 Key value format for package options (HO)
)
\@linkdim=\dimen145
\Hy@linkcounter=\count114
\Hy@pagecounter=\count115

(/usr/share/texlive/texmf-dist/tex/latex/hyperref/pd1enc.def
File: pd1enc.def 2012/05/13 v6.82q Hyperref: PDFDocEncoding definition (HO)
)
\Hy@SavedSpaceFactor=\count116

(/usr/share/texlive/texmf-dist/tex/latex/latexconfig/hyperref.cfg
File: hyperref.cfg 2002/06/06 v1.2 hyperref configuration of TeXLive
)
Package hyperref Info: Hyper figures OFF on input line 4062.
Package hyperref Info: Link nesting OFF on input line 4067.
Package hyperref Info: Hyper index ON on input line 4070.
Package hyperref Info: Plain pages OFF on input line 4077.
Package hyperref Info: Backreferencing OFF on input line 4082.
Package hyperref Info: Implicit mode ON; LaTeX internals redefined.
Package hyperref Info: Bookmarks ON on input line 4300.
\c@Hy@tempcnt=\count117
LaTeX Info: Redefining \url on input line 4653.
\Fld@menulength=\count118
\Field@Width=\dimen146
\Fld@charsize=\dimen147
Package hyperref Info: Hyper figures OFF on input line 5773.
Package hyperref Info: Link nesting OFF on input line 5778.
Package hyperref Info: Hyper index ON on input line 5781.
Package hyperref Info: backreferencing OFF on input line 5788.
Package hyperref Info: Link coloring OFF on input line 5793.
Package hyperref Info: Link coloring with OCG OFF on input line 5798.
Package hyperref Info: PDF/A mode OFF on input line 5803.
LaTeX Info: Redefining \ref on input line 5843.
LaTeX Info: Redefining \pageref on input line 5847.
\Hy@abspage=\count119
\c@Item=\count120
\c@Hfootnote=\count121
)

Package hyperref Message: Driver (autodetected): hpdftex.

(/usr/share/texlive/texmf-dist/tex/latex/hyperref/hpdftex.def
File: hpdftex.def 2012/05/13 v6.82q Hyperref driver for pdfTeX
\Fld@listcount=\count122
\c@bookmark@seq@number=\count123

(/usr/share/texlive/texmf-dist/tex/latex/oberdiek/rerunfilecheck.sty
Package: rerunfilecheck 2011/04/15 v1.7 Rerun checks for auxiliary files (HO)
Package uniquecounter Info: New unique counter `rerunfilecheck' on input line 2
82.
)
\Hy@SectionHShift=\skip55
)
Package hyperref Info: Option `colorlinks' set `true' on input line 23.

(./supplemental.aux

! Package natbib Error: Bibliography not compatible with author-year citations.

(natbib)                Press <return> to continue in numerical citation style.


See the natbib package documentation for explanation.
Type  H <return>  for immediate help.
 ...                                              
                                                  
l.227 ...and\NAT@force@numbers{}\NAT@force@numbers
                                                  
? 
)
\openout1 = `supplemental.aux'.

LaTeX Font Info:    Checking defaults for OML/cmm/m/it on input line 31.
LaTeX Font Info:    ... okay on input line 31.
LaTeX Font Info:    Checking defaults for T1/cmr/m/n on input line 31.
LaTeX Font Info:    ... okay on input line 31.
LaTeX Font Info:    Checking defaults for OT1/cmr/m/n on input line 31.
LaTeX Font Info:    ... okay on input line 31.
LaTeX Font Info:    Checking defaults for OMS/cmsy/m/n on input line 31.
LaTeX Font Info:    ... okay on input line 31.
LaTeX Font Info:    Checking defaults for OMX/cmex/m/n on input line 31.
LaTeX Font Info:    ... okay on input line 31.
LaTeX Font Info:    Checking defaults for U/cmr/m/n on input line 31.
LaTeX Font Info:    ... okay on input line 31.
LaTeX Font Info:    Checking defaults for PD1/pdf/m/n on input line 31.
LaTeX Font Info:    ... okay on input line 31.
 (/usr/share/texlive/texmf-dist/tex/context/base/supp-pdf.mkii
[Loading MPS to PDF converter (version 2006.09.02).]
\scratchcounter=\count124
\scratchdimen=\dimen148
\scratchbox=\box33
\nofMPsegments=\count125
\nofMParguments=\count126
\everyMPshowfont=\toks24
\MPscratchCnt=\count127
\MPscratchDim=\dimen149
\MPnumerator=\count128
\makeMPintoPDFobject=\count129
\everyMPtoPDFconversion=\toks25
) (/usr/share/texlive/texmf-dist/tex/latex/oberdiek/epstopdf-base.sty
Package: epstopdf-base 2010/02/09 v2.5 Base part for package epstopdf

(/usr/share/texlive/texmf-dist/tex/latex/oberdiek/grfext.sty
Package: grfext 2010/08/19 v1.1 Manage graphics extensions (HO)
)
Package grfext Info: Graphics extension search list:
(grfext)             [.png,.pdf,.jpg,.mps,.jpeg,.jbig2,.jb2,.PNG,.PDF,.JPG,.JPE
G,.JBIG2,.JB2,.eps]
(grfext)             \AppendGraphicsExtensions on input line 452.

(/usr/share/texlive/texmf-dist/tex/latex/latexconfig/epstopdf-sys.cfg
File: epstopdf-sys.cfg 2010/07/13 v1.3 Configuration of (r)epstopdf for TeX Liv
e
))
*geometry* driver: auto-detecting
*geometry* detected driver: pdftex
*geometry* verbose mode - [ preamble ] result:
* driver: pdftex
* paper: <default>
* layout: <same size as paper>
* layoutoffset:(h,v)=(0.0pt,0.0pt)
* modes: 
* h-part:(L,W,R)=(92.14519pt, 430.00462pt, 92.14519pt)
* v-part:(T,H,B)=(95.39737pt, 556.47656pt, 143.09605pt)
* \paperwidth=614.295pt
* \paperheight=794.96999pt
* \textwidth=430.00462pt
* \textheight=556.47656pt
* \oddsidemargin=19.8752pt
* \evensidemargin=19.8752pt
* \topmargin=-13.87262pt
* \headheight=12.0pt
* \headsep=25.0pt
* \topskip=10.0pt
* \footskip=30.0pt
* \marginparwidth=65.0pt
* \marginparsep=11.0pt
* \columnsep=10.0pt
* \skip\footins=9.0pt plus 4.0pt minus 2.0pt
* \hoffset=0.0pt
* \voffset=0.0pt
* \mag=1000
* \@twocolumnfalse
* \@twosidefalse
* \@mparswitchfalse
* \@reversemarginfalse
* (1in=72.27pt=25.4mm, 1cm=28.453pt)

Package caption Info: Begin \AtBeginDocument code.
Package caption Info: hyperref package is loaded.
Package caption Info: End \AtBeginDocument code.
\AtBeginShipoutBox=\box34
Package hyperref Info: Link coloring ON on input line 31.
(/usr/share/texlive/texmf-dist/tex/latex/hyperref/nameref.sty
Package: nameref 2010/04/30 v2.40 Cross-referencing by name of section

(/usr/share/texlive/texmf-dist/tex/generic/oberdiek/gettitlestring.sty
Package: gettitlestring 2010/12/03 v1.4 Cleanup title references (HO)
)
\c@section@level=\count130
)
LaTeX Info: Redefining \ref on input line 31.
LaTeX Info: Redefining \pageref on input line 31.
LaTeX Info: Redefining \nameref on input line 31.

(./supplemental.out) (./supplemental.out)
\@outlinefile=\write3
\openout3 = `supplemental.out'.

LaTeX Font Info:    Try loading font information for U+msa on input line 34.

(/usr/share/texlive/texmf-dist/tex/latex/amsfonts/umsa.fd
File: umsa.fd 2009/06/22 v3.00 AMS symbols A
)
LaTeX Font Info:    Try loading font information for U+msb on input line 34.

(/usr/share/texlive/texmf-dist/tex/latex/amsfonts/umsb.fd
File: umsb.fd 2009/06/22 v3.00 AMS symbols B
)

LaTeX Warning: No \author given.

(./supplemental.toc)
\tf@toc=\write4
\openout4 = `supplemental.toc'.

 (./supplemental.lof [1

{/var/lib/texmf/fonts/map/pdftex/updmap/pdftex.map}] (./figures/bulk_phylum_rsp
ndr_abund/caption.tex))
\tf@lof=\write5
\openout5 = `supplemental.lof'.

Missing character: There is no ¬ in font cmr10!
Missing character: There is no ∞ in font cmr10!
Missing character: There is no ‚ in font cmr10!
Missing character: There is no Ä in font cmr10!
Missing character: There is no ô in font cmr10!
Missing character: There is no ¬ in font cmr10!
Missing character: There is no ∞ in font cmr10!
Missing character: There is no ‚ in font cmr10!
Missing character: There is no Ä in font cmr10!
Missing character: There is no ô in font cmr10!
Missing character: There is no ¬ in font cmr10!
Missing character: There is no ∞ in font cmr10!
Missing character: There is no ‚ in font cmr10!
Missing character: There is no Ä in font cmr10!
Missing character: There is no ô in font cmr10!
Missing character: There is no ¬ in font cmr10!
Missing character: There is no ∞ in font cmr10!
Missing character: There is no ‚ in font cmr10!
Missing character: There is no Ä in font cmr10!
Missing character: There is no ô in font cmr10!
Missing character: There is no ¬ in font cmr10!
Missing character: There is no ∞ in font cmr10!
Missing character: There is no ‚ in font cmr10!
Missing character: There is no Ä in font cmr10!
Missing character: There is no ô in font cmr10!
Missing character: There is no ¬ in font cmr10!
Missing character: There is no ∞ in font cmr10!
Missing character: There is no ‚ in font cmr10!
Missing character: There is no Ä in font cmr10!
Missing character: There is no ô in font cmr10!
Missing character: There is no ¬ in font cmr10!
Missing character: There is no ∞ in font cmr10!
Missing character: There is no ‚ in font cmr10!
Missing character: There is no Ä in font cmr10!
Missing character: There is no ô in font cmr10!
Missing character: There is no ¬ in font cmr10!
Missing character: There is no ∞ in font cmr10!
Missing character: There is no ‚ in font cmr10!
Missing character: There is no Ä in font cmr10!
Missing character: There is no ô in font cmr10!
Missing character: There is no ¬ in font cmr10!
Missing character: There is no ∞ in font cmr10!
Missing character: There is no ‚ in font cmr10!
Missing character: There is no Ä in font cmr10!
Missing character: There is no ô in font cmr10!
Missing character: There is no ¬ in font cmr10!
Missing character: There is no ∞ in font cmr10!
Missing character: There is no ‚ in font cmr10!
Missing character: There is no Ä in font cmr10!
Missing character: There is no ô in font cmr10!
Missing character: There is no ¬ in font cmr10!
Missing character: There is no ∞ in font cmr10!
Missing character: There is no ‚ in font cmr10!
Missing character: There is no Ä in font cmr10!
Missing character: There is no ô in font cmr10!
Missing character: There is no ¬ in font cmr10!
Missing character: There is no ∞ in font cmr10!
Missing character: There is no ‚ in font cmr10!
Missing character: There is no Ä in font cmr10!
Missing character: There is no ô in font cmr10!
Missing character: There is no ¬ in font cmr10!
Missing character: There is no ∞ in font cmr10!
Missing character: There is no ¬ in font cmr10!
Missing character: There is no ∞ in font cmr10!
Missing character: There is no ¬ in font cmr10!
Missing character: There is no ∞ in font cmr10!
Missing character: There is no ¬ in font cmr10!
Missing character: There is no ∞ in font cmr10!
 [2]
Missing character: There is no ¬ in font cmr10!
Missing character: There is no ∞ in font cmr10!
Missing character: There is no ¬ in font cmr10!
Missing character: There is no ∞ in font cmr10!
Missing character: There is no ¬ in font cmr10!
Missing character: There is no ∞ in font cmr10!
 [3]
Missing character: There is no ¬ in font cmr10!
Missing character: There is no ∞ in font cmr10!
Missing character: There is no ¬ in font cmr10!
Missing character: There is no ∞ in font cmr10!
Missing character: There is no ¬ in font cmr10!
Missing character: There is no ∞ in font cmr10!
Missing character: There is no ¬ in font cmr10!
Missing character: There is no ∞ in font cmr10!
LaTeX Font Info:    Try loading font information for OML+cmr on input line 164.


(/usr/share/texlive/texmf-dist/tex/latex/base/omlcmr.fd
File: omlcmr.fd 1999/05/25 v2.5h Standard LaTeX font definitions
)
LaTeX Font Info:    Font shape `OML/cmr/m/n' in size <10> not available
(Font)              Font shape `OML/cmm/m/it' tried instead on input line 164.
Missing character: There is no ¬ in font cmr10!
Missing character: There is no ∞ in font cmr10!
 [4] [5]

Package hyperref Warning: Token not allowed in a PDF string (PDFDocEncoding):
(hyperref)                removing `math shift' on input line 271.


Package hyperref Warning: Token not allowed in a PDF string (PDFDocEncoding):
(hyperref)                removing `superscript' on input line 271.


Package hyperref Warning: Token not allowed in a PDF string (PDFDocEncoding):
(hyperref)                removing `math shift' on input line 271.


Package natbib Warning: Author undefined for citation`McMurdie_2014' 
(natbib)                on page 6 on input line 290.

Missing character: There is no ‚ in font cmr10!
Missing character: There is no Ä in font cmr10!
Missing character: There is no ú in font cmr10!
Missing character: There is no ‚ in font cmr10!
Missing character: There is no Ä in font cmr10!
Missing character: There is no ù in font cmr10!

Package natbib Warning: Author undefined for citation`McMurdie_2014' 
(natbib)                on page 6 on input line 291.

[6]

LaTeX Warning: Reference `fig:shift' on page 7 undefined on input line 345.

[7]

Package hyperref Warning: Token not allowed in a PDF string (PDFDocEncoding):
(hyperref)                removing `math shift' on input line 382.


Package hyperref Warning: Token not allowed in a PDF string (PDFDocEncoding):
(hyperref)                removing `superscript' on input line 382.


Package hyperref Warning: Token not allowed in a PDF string (PDFDocEncoding):
(hyperref)                removing `math shift' on input line 382.

[8]

LaTeX Warning: Reference `fig:trees' on page 9 undefined on input line 470.


LaTeX Warning: Reference `fig:trees' on page 9 undefined on input line 496.


Package natbib Warning: Author undefined for citation`Di_Rienzi_2013' 
(natbib)                on page 9 on input line 504.

[9]

Package natbib Warning: Author undefined for citation`Kong_2012' 
(natbib)                on page 10 on input line 541.

(./supp_figs.tex [10]
*geometry* verbose mode - [ newgeometry ] result:
* driver: pdftex
* paper: <default>
* layout: <same size as paper>
* layoutoffset:(h,v)=(0.0pt,0.0pt)
* modes: 
* h-part:(L,W,R)=(56.9055pt, 500.484pt, 56.9055pt)
* v-part:(T,H,B)=(56.9055pt, 681.15898pt, 56.9055pt)
* \paperwidth=614.295pt
* \paperheight=794.96999pt
* \textwidth=500.484pt
* \textheight=681.15898pt
* \oddsidemargin=-15.36449pt
* \evensidemargin=-15.36449pt
* \topmargin=-52.36449pt
* \headheight=12.0pt
* \headsep=25.0pt
* \topskip=10.0pt
* \footskip=30.0pt
* \marginparwidth=65.0pt
* \marginparsep=11.0pt
* \columnsep=10.0pt
* \skip\footins=9.0pt plus 4.0pt minus 2.0pt
* \hoffset=0.0pt
* \voffset=0.0pt
* \mag=1000
* \@twocolumnfalse
* \@twosidefalse
* \@mparswitchfalse
* \@reversemarginfalse
* (1in=72.27pt=25.4mm, 1cm=28.453pt)


<figures/20150320methods_conceptual/20150320methods_conceptual.png, id=371, 124
7.3802pt x 1258.9434pt>
File: figures/20150320methods_conceptual/20150320methods_conceptual.png Graphic
 file (type png)

<use figures/20150320methods_conceptual/20150320methods_conceptual.png>
Package pdftex.def Info: figures/20150320methods_conceptual/20150320methods_con
ceptual.png used on input line 9.
(pdftex.def)             Requested size: 500.484pt x 505.10524pt.

(./figures/20150320methods_conceptual/caption.tex)
(./figures/20150320methods_conceptual/caption.tex)
<figures/all_rspndr_bar/all_rspndr_bar.pdf, id=372, 361.35pt x 216.81pt>
File: figures/all_rspndr_bar/all_rspndr_bar.pdf Graphic file (type pdf)

<use figures/all_rspndr_bar/all_rspndr_bar.pdf>
Package pdftex.def Info: figures/all_rspndr_bar/all_rspndr_bar.pdf used on inpu
t line 16.
(pdftex.def)             Requested size: 375.36299pt x 225.21902pt.

(./figures/all_rspndr_bar/caption.tex) (./figures/all_rspndr_bar/caption.tex)
<figures/bulk_ordination/bulk_ordination.pdf, id=373, 939.51pt x 361.35pt>
File: figures/bulk_ordination/bulk_ordination.pdf Graphic file (type pdf)

<use figures/bulk_ordination/bulk_ordination.pdf>
Package pdftex.def Info: figures/bulk_ordination/bulk_ordination.pdf used on in
put line 23.
(pdftex.def)             Requested size: 500.484pt x 192.49052pt.

(./figures/bulk_ordination/caption.tex) (./figures/bulk_ordination/caption.tex)
<figures/l2fc_time/l2fc_time.pdf, id=374, 578.16pt x 614.295pt>
File: figures/l2fc_time/l2fc_time.pdf Graphic file (type pdf)

<use figures/l2fc_time/l2fc_time.pdf>
Package pdftex.def Info: figures/l2fc_time/l2fc_time.pdf used on input line 29.

(pdftex.def)             Requested size: 375.36299pt x 398.81834pt.
 (./figures/l2fc_time/caption.tex)
(./figures/l2fc_time/caption.tex)
<figures/abndVtime_class/abndVtime_class.pdf, id=375, 578.16pt x 433.62pt>
File: figures/abndVtime_class/abndVtime_class.pdf Graphic file (type pdf)

<use figures/abndVtime_class/abndVtime_class.pdf>
Package pdftex.def Info: figures/abndVtime_class/abndVtime_class.pdf used on in
put line 35.
(pdftex.def)             Requested size: 425.41444pt x 319.06085pt.

(./figures/abndVtime_class/caption.tex) (./figures/abndVtime_class/caption.tex)

<figures/bulk_phylum_rspndr_abund/abund_v_time_phyla.pdf, id=376, 722.7pt x 101
1.78pt>
File: figures/bulk_phylum_rspndr_abund/abund_v_time_phyla.pdf Graphic file (typ
e pdf)
 <use figures/bulk_phylum_rspndr_abund/abund_v_time_phyla.pdf>
Package pdftex.def Info: figures/bulk_phylum_rspndr_abund/abund_v_time_phyla.pd
f used on input line 42.
(pdftex.def)             Requested size: 375.36299pt x 525.5111pt.

(./figures/bulk_phylum_rspndr_abund/caption.tex)
(./figures/bulk_phylum_rspndr_abund/caption.tex)
<figures/conceptual1/conceptual1.pdf, id=377, 578.16pt x 289.08pt>
File: figures/conceptual1/conceptual1.pdf Graphic file (type pdf)

<use figures/conceptual1/conceptual1.pdf>
Package pdftex.def Info: figures/conceptual1/conceptual1.pdf used on input line
 48.
(pdftex.def)             Requested size: 375.36299pt x 187.67921pt.
 (./figures/conceptual1/caption.tex)
(./figures/conceptual1/caption.tex)
<figures/copy_number/copy_number.pdf, id=378, 650.43pt x 289.08pt>
File: figures/copy_number/copy_number.pdf Graphic file (type pdf)

<use figures/copy_number/copy_number.pdf>
Package pdftex.def Info: figures/copy_number/copy_number.pdf used on input line
 53.
(pdftex.def)             Requested size: 500.484pt x 222.4423pt.
 (./figures/copy_number/caption.tex)
(./figures/copy_number/caption.tex)
<figures/foodweb/foodweb.png, id=379, 1366.10374pt x 498.86375pt>
File: figures/foodweb/foodweb.png Graphic file (type png)

<use figures/foodweb/foodweb.png>
Package pdftex.def Info: figures/foodweb/foodweb.png used on input line 59.
(pdftex.def)             Requested size: 500.484pt x 182.75742pt.
 (./figures/foodweb/caption.tex)
(./figures/foodweb/caption.tex)
<figures/tiled_tree/tiled_tree.png, id=380, 4561.04pt x 9780.54pt>
File: figures/tiled_tree/tiled_tree.png Graphic file (type png)

<use figures/tiled_tree/tiled_tree.png>
Package pdftex.def Info: figures/tiled_tree/tiled_tree.png used on input line 6
6.
(pdftex.def)             Requested size: 325.31154pt x 697.54231pt.
 (./figures/tiled_tree/caption.tex)
(./figures/tiled_tree/caption.tex)

LaTeX Warning: Float too large for page by 68.7833pt on input line 69.

<figures/conceptual3/conceptual3.pdf, id=381, 578.16pt x 289.08pt>
File: figures/conceptual3/conceptual3.pdf Graphic file (type pdf)

<use figures/conceptual3/conceptual3.pdf>
Package pdftex.def Info: figures/conceptual3/conceptual3.pdf used on input line
 74.
(pdftex.def)             Requested size: 375.36299pt x 187.67921pt.
 (./figures/conceptual3/caption.tex)
(./figures/conceptual3/caption.tex) (./table_cellulose.tex [11

] [12 <./figures/20150320methods_conceptual/20150320methods_conceptual.png (PNG
 copy)>] [13 <./figures/all_rspndr_bar/all_rspndr_bar.pdf> <./figures/bulk_ordi
nation/bulk_ordination.pdf>] [14 <./figures/l2fc_time/l2fc_time.pdf>] [15 <./fi
gures/abndVtime_class/abndVtime_class.pdf>] [16 <./figures/bulk_phylum_rspndr_a
bund/abund_v_time_phyla.pdf>] [17 <./figures/conceptual1/conceptual1.pdf> <./fi
gures/copy_number/copy_number.pdf>] [18 <./figures/foodweb/foodweb.png>] [19 <.
/figures/tiled_tree/tiled_tree.png>] [20 <./figures/conceptual3/conceptual3.pdf
>]
*geometry* verbose mode - [ newgeometry ] result:
* driver: pdftex
* paper: <default>
* layout: <same size as paper>
* layoutoffset:(h,v)=(0.0pt,0.0pt)
* modes: 
* h-part:(L,W,R)=(7.11317pt, 600.06865pt, 7.11317pt)
* v-part:(T,H,B)=(56.9055pt, 681.15898pt, 56.9055pt)
* \paperwidth=614.295pt
* \paperheight=794.96999pt
* \textwidth=600.06865pt
* \textheight=681.15898pt
* \oddsidemargin=-65.15681pt
* \evensidemargin=-65.15681pt
* \topmargin=-52.36449pt
* \headheight=12.0pt
* \headsep=25.0pt
* \topskip=10.0pt
* \footskip=30.0pt
* \marginparwidth=65.0pt
* \marginparsep=11.0pt
* \columnsep=10.0pt
* \skip\footins=9.0pt plus 4.0pt minus 2.0pt
* \hoffset=0.0pt
* \voffset=0.0pt
* \mag=1000
* \@twocolumnfalse
* \@twosidefalse
* \@mparswitchfalse
* \@reversemarginfalse
* (1in=72.27pt=25.4mm, 1cm=28.453pt)


Overfull \hbox (8.2006pt too wide) in paragraph at lines 34--34
[]|[]\OT1/cmr/m/n/10 , 
 []


Overfull \hbox (2.3562pt too wide) in paragraph at lines 34--34
[]|  
 []


Overfull \hbox (37.39899pt too wide) in paragraph at lines 59--59
[]\OT1/cmr/m/n/10 , 
 []

[21

]
Overfull \hbox (39.74321pt too wide) in paragraph at lines 81--81
[]|[]|  
 []


Overfull \hbox (31.21835pt too wide) in paragraph at lines 83--83
[]|[]\OT1/cmr/m/n/10 , 
 []


Overfull \hbox (28.44057pt too wide) in paragraph at lines 89--89
[]|[]|  
 []

[22] [23] [24]) (./table_xyl.tex
*geometry* verbose mode - [ newgeometry ] result:
* driver: pdftex
* paper: <default>
* layout: <same size as paper>
* layoutoffset:(h,v)=(0.0pt,0.0pt)
* modes: 
* h-part:(L,W,R)=(7.11317pt, 600.06865pt, 7.11317pt)
* v-part:(T,H,B)=(56.9055pt, 681.15898pt, 56.9055pt)
* \paperwidth=614.295pt
* \paperheight=794.96999pt
* \textwidth=600.06865pt
* \textheight=681.15898pt
* \oddsidemargin=-65.15681pt
* \evensidemargin=-65.15681pt
* \topmargin=-52.36449pt
* \headheight=12.0pt
* \headsep=25.0pt
* \topskip=10.0pt
* \footskip=30.0pt
* \marginparwidth=65.0pt
* \marginparsep=11.0pt
* \columnsep=10.0pt
* \skip\footins=9.0pt plus 4.0pt minus 2.0pt
* \hoffset=0.0pt
* \voffset=0.0pt
* \mag=1000
* \@twocolumnfalse
* \@twosidefalse
* \@mparswitchfalse
* \@reversemarginfalse
* (1in=72.27pt=25.4mm, 1cm=28.453pt)


Overfull \hbox (13.9907pt too wide) in paragraph at lines 38--38
[]\OT1/cmr/m/n/10 , 
 []

[25


] [26] [27])) (./supplemental.bbl
! Missing $ inserted.
<inserted text> 
                $
l.8 ...2013'' is not in the bibliography database}
                                                  .
? 
! Extra }, or forgotten $.
<recently read> \egroup 
                        
l.8 ...2013'' is not in the bibliography database}
                                                  .
? 

! LaTeX Error: Command \item invalid in math mode.

See the LaTeX manual or LaTeX Companion for explanation.
Type  H <return>  for immediate help.
 ...                                              
                                                  
l.9 \bibitem[2]{Heo_2002}
                         
? 

! LaTeX Error: Something's wrong--perhaps a missing \item.

See the LaTeX manual or LaTeX Companion for explanation.
Type  H <return>  for immediate help.
 ...                                              
                                                  
l.9 \bibitem[2]{Heo_2002}
                         
? 

! LaTeX Error: Something's wrong--perhaps a missing \item.

See the LaTeX manual or LaTeX Companion for explanation.
Type  H <return>  for immediate help.
 ...                                              
                                                  
l.9 \bibitem[2]{Heo_2002}
                         
? 
! Missing $ inserted.
<inserted text> 
                $
l.10 ...002'' is not in the bibliography database}
                                                  .
? 
! Extra }, or forgotten $.
\textdef@ ...th {#1}\let \f@size #2\selectfont #3}
                                                  }
l.10 ...002'' is not in the bibliography database}
                                                  .
? 
! Extra }, or forgotten $.
\textdef@ ...h {#1}\let \f@size #2\selectfont #3}}
                                                  
l.10 ...002'' is not in the bibliography database}
                                                  .
? 
! Extra }, or forgotten $.
\text@ ...e {\textdef@ \displaystyle \f@size {#1}}
                                                  {\textdef@ \textstyle \f@s...
l.10 ...002'' is not in the bibliography database}
                                                  .
? 
! Missing $ inserted.
<inserted text> 
                $
l.10 ...002'' is not in the bibliography database}
                                                  .
? 
! Extra }, or forgotten $.
\textdef@ ...th {#1}\let \f@size #2\selectfont #3}
                                                  }
l.10 ...002'' is not in the bibliography database}
                                                  .
? 
! Extra }, or forgotten $.
\textdef@ ...h {#1}\let \f@size #2\selectfont #3}}
                                                  
l.10 ...002'' is not in the bibliography database}
                                                  .
? 
! Extra }, or forgotten $.
\text@ ...xtstyle \f@size {\firstchoice@false #1}}
                                                  {\textdef@ \textstyle \sf@...
l.10 ...002'' is not in the bibliography database}
                                                  .
? 
! Missing $ inserted.
<inserted text> 
                $
l.10 ...002'' is not in the bibliography database}
                                                  .
? 
! Extra }, or forgotten $.
\textdef@ ...th {#1}\let \f@size #2\selectfont #3}
                                                  }
l.10 ...002'' is not in the bibliography database}
                                                  .
? 
! Extra }, or forgotten $.
\textdef@ ...h {#1}\let \f@size #2\selectfont #3}}
                                                  
l.10 ...002'' is not in the bibliography database}
                                                  .
? 
! Extra }, or forgotten $.
\text@ ...tstyle \sf@size {\firstchoice@false #1}}
                                                  {\textdef@ \textstyle \ssf...
l.10 ...002'' is not in the bibliography database}
                                                  .
? 
! Missing $ inserted.
<inserted text> 
                $
l.10 ...002'' is not in the bibliography database}
                                                  .
? 
! Extra }, or forgotten $.
\textdef@ ...th {#1}\let \f@size #2\selectfont #3}
                                                  }
l.10 ...002'' is not in the bibliography database}
                                                  .
? 
! Extra }, or forgotten $.
\textdef@ ...h {#1}\let \f@size #2\selectfont #3}}
                                                  
l.10 ...002'' is not in the bibliography database}
                                                  .
? 
! Extra }, or forgotten $.
\text@ ...style \ssf@size {\firstchoice@false #1}}
                                                  \check@mathfonts }
l.10 ...002'' is not in the bibliography database}
                                                  .
? 
! Extra }, or forgotten $.
\text@ ...firstchoice@false #1}}\check@mathfonts }
                                                  
l.10 ...002'' is not in the bibliography database}
                                                  .
? 
! Missing $ inserted.
<inserted text> 
                $
l.11 \bibitem[3]{Cambardella_1992}
                                  
? 
! Missing } inserted.
<inserted text> 
                }
l.11 \bibitem[3]{Cambardella_1992}
                                  
? 
! Missing $ inserted.
<inserted text> 
                $
l.12 ...992'' is not in the bibliography database}
                                                  .
? 
! Extra }, or forgotten $.
<recently read> \egroup 
                        
l.12 ...992'' is not in the bibliography database}
                                                  .
? 
! Missing $ inserted.
<inserted text> 
                $
l.13 \bibitem[4]{Bradford_1976}
                               
? 
! Missing } inserted.
<inserted text> 
                }
l.13 \bibitem[4]{Bradford_1976}
                               
? 
! Missing $ inserted.
<inserted text> 
                $
l.14 ...976'' is not in the bibliography database}
                                                  .
? 
! Extra }, or forgotten $.
<recently read> \egroup 
                        
l.14 ...976'' is not in the bibliography database}
                                                  .
? 
! Missing $ inserted.
<inserted text> 
                $
l.15 \bibitem[5]{benedict1909reagent}
                                     
? 
! Missing } inserted.
<inserted text> 
                }
l.15 \bibitem[5]{benedict1909reagent}
                                     
? 
! Missing $ inserted.
<inserted text> 
                $
l.18 ...014'' is not in the bibliography database}
                                                  .
? 
! Extra }, or forgotten $.
<recently read> \egroup 
                        
l.18 ...014'' is not in the bibliography database}
                                                  .
? 
! Missing $ inserted.
<inserted text> 
                $
l.19 \bibitem[7]{Schneckenberger_2008}
                                      
? 
! Missing } inserted.
<inserted text> 
                }
l.19 \bibitem[7]{Schneckenberger_2008}
                                      
? 
! Missing $ inserted.
<inserted text> 
                $
l.22 ...010'' is not in the bibliography database}
                                                  .
? 
! Extra }, or forgotten $.
<recently read> \egroup 
                        
l.22 ...010'' is not in the bibliography database}
                                                  .
? 
! Missing $ inserted.
<inserted text> 
                $
l.23 \bibitem[9]{David_2010}
                            
? 
! Missing } inserted.
<inserted text> 
                }
l.23 \bibitem[9]{David_2010}
                            
? 
! Missing $ inserted.
<inserted text> 
                $
l.24 ...010'' is not in the bibliography database}
                                                  .
? 
! Extra }, or forgotten $.
<recently read> \egroup 
                        
l.24 ...010'' is not in the bibliography database}
                                                  .
? 
! Missing $ inserted.
<inserted text> 
                $
l.25 \bibitem[10]{Linn_1984}
                            
? 
! Missing } inserted.
<inserted text> 
                }
l.25 \bibitem[10]{Linn_1984}
                            
? 
! Missing $ inserted.
<inserted text> 
                $
l.26 ...984'' is not in the bibliography database}
                                                  .
? 
! Extra }, or forgotten $.
<recently read> \egroup 
                        
l.26 ...984'' is not in the bibliography database}
                                                  .
? 
! Missing $ inserted.
<inserted text> 
                $
l.27 \bibitem[11]{Griffiths_2000}
                                 
? 
! Missing } inserted.
<inserted text> 
                }
l.27 \bibitem[11]{Griffiths_2000}
                                 
? 
! Missing $ inserted.
<inserted text> 
                $
l.40 ...013'' is not in the bibliography database}
                                                  .
? 
! Extra }, or forgotten $.
<recently read> \egroup 
                        
l.40 ...013'' is not in the bibliography database}
                                                  .
? 
! Missing $ inserted.
<inserted text> 
                $
l.41 \bibitem[18]{Edgar_2010}
                             
? 
! Missing } inserted.
<inserted text> 
                }
l.41 \bibitem[18]{Edgar_2010}
                             
? 
! Missing $ inserted.
<inserted text> 
                $
l.42 ...010'' is not in the bibliography database}
                                                  .
? 
! Extra }, or forgotten $.
<recently read> \egroup 
                        
l.42 ...010'' is not in the bibliography database}
                                                  .
? 
! Missing $ inserted.
<inserted text> 
                $
l.43 \bibitem[19]{Caporaso_2010}
                                
? 
! Missing } inserted.
<inserted text> 
                }
l.43 \bibitem[19]{Caporaso_2010}
                                
? 
! Missing $ inserted.
<inserted text> 
                $
l.44 ...010'' is not in the bibliography database}
                                                  .
? 
! Extra }, or forgotten $.
<recently read> \egroup 
                        
l.44 ...010'' is not in the bibliography database}
                                                  .
? 
! Missing $ inserted.
<inserted text> 
                $
l.45 \bibitem[20]{Pruesse_2007}
                               
? 
! Missing } inserted.
<inserted text> 
                }
l.45 \bibitem[20]{Pruesse_2007}
                               
? 
! Missing $ inserted.
<inserted text> 
                $
l.46 ...007'' is not in the bibliography database}
                                                  .
? 
! Extra }, or forgotten $.
<recently read> \egroup 
                        
l.46 ...007'' is not in the bibliography database}
                                                  .
? 
! Missing $ inserted.
<inserted text> 
                $
l.47 \bibitem[21]{Schloss_2009}
                               
? 
! Missing } inserted.
<inserted text> 
                }
l.47 \bibitem[21]{Schloss_2009}
                               
? 
! Missing $ inserted.
<inserted text> 
                $
l.48 ...009'' is not in the bibliography database}
                                                  .
? 
! Extra }, or forgotten $.
<recently read> \egroup 
                        
l.48 ...009'' is not in the bibliography database}
                                                  .
? 
! Missing $ inserted.
<inserted text> 
                $
l.49 \bibitem[22]{DeSantis_2006}
                                
? 
! Missing } inserted.
<inserted text> 
                }
l.49 \bibitem[22]{DeSantis_2006}
                                
? 
! Missing $ inserted.
<inserted text> 
                $
l.50 ...006'' is not in the bibliography database}
                                                  .
? 
! Extra }, or forgotten $.
<recently read> \egroup 
                        
l.50 ...006'' is not in the bibliography database}
                                                  .
? 
! Missing $ inserted.
<inserted text> 
                $
l.51 \bibitem[23]{Nawrocki_2013}
                                
? 
! Missing } inserted.
<inserted text> 
                }
l.51 \bibitem[23]{Nawrocki_2013}
                                
? 
! Missing $ inserted.
<inserted text> 
                $
l.52 ...013'' is not in the bibliography database}
                                                  .
? 
! Extra }, or forgotten $.
<recently read> \egroup 
                        
l.52 ...013'' is not in the bibliography database}
                                                  .
? 
! Missing $ inserted.
<inserted text> 
                $
l.53 \bibitem[24]{Nawrocki_2009}
                                
? 
! Missing } inserted.
<inserted text> 
                }
l.53 \bibitem[24]{Nawrocki_2009}
                                
? 
! Missing $ inserted.
<inserted text> 
                $
l.54 ...009'' is not in the bibliography database}
                                                  .
? 
! Extra }, or forgotten $.
<recently read> \egroup 
                        
l.54 ...009'' is not in the bibliography database}
                                                  .
? 
! Missing $ inserted.
<inserted text> 
                $
l.55 \bibitem[25]{Price_2009}
                             
? 
! Missing } inserted.
<inserted text> 
                }
l.55 \bibitem[25]{Price_2009}
                             
? 
! Missing $ inserted.
<inserted text> 
                $
l.56 ...009'' is not in the bibliography database}
                                                  .
? 
! Extra }, or forgotten $.
<recently read> \egroup 
                        
l.56 ...009'' is not in the bibliography database}
                                                  .
? 
! Missing $ inserted.
<inserted text> 
                $
l.57 \bibitem[26]{Buckley_2011}
                               
? 
! Missing } inserted.
<inserted text> 
                }
l.57 \bibitem[26]{Buckley_2011}
                               
? 
! Missing $ inserted.
<inserted text> 
                $
l.58 ...011'' is not in the bibliography database}
                                                  .
? 
! Extra }, or forgotten $.
<recently read> \egroup 
                        
l.58 ...011'' is not in the bibliography database}
                                                  .
? 
! Missing $ inserted.
<inserted text> 
                $
l.59 \bibitem[27]{Radajewski_2003}
                                  
? 
! Missing } inserted.
<inserted text> 
                }
l.59 \bibitem[27]{Radajewski_2003}
                                  
? 
! Missing $ inserted.
<inserted text> 
                $
l.60 ...003'' is not in the bibliography database}
                                                  .
? 
! Extra }, or forgotten $.
<recently read> \egroup 
                        
l.60 ...003'' is not in the bibliography database}
                                                  .
? 
! Missing $ inserted.
<inserted text> 
                $
l.61 \bibitem[28]{Youngblut_2014}
                                 
? 
! Missing } inserted.
<inserted text> 
                }
l.61 \bibitem[28]{Youngblut_2014}
                                 
? 
! Missing $ inserted.
<inserted text> 
                $
l.62 ...014'' is not in the bibliography database}
                                                  .
? 
! Extra }, or forgotten $.
<recently read> \egroup 
                        
l.62 ...014'' is not in the bibliography database}
                                                  .
? 
! Missing $ inserted.
<inserted text> 
                $
l.63 \bibitem[29]{Love_2014}
                            
? 
! Missing } inserted.
<inserted text> 
                }
l.63 \bibitem[29]{Love_2014}
                            
? 
! Missing $ inserted.
<inserted text> 
                $
l.64 ...014'' is not in the bibliography database}
                                                  .
? 
! Extra }, or forgotten $.
<recently read> \egroup 
                        
l.64 ...014'' is not in the bibliography database}
                                                  .
? 
! Missing $ inserted.
<inserted text> 
                $
l.65 \bibitem[30]{McMurdie_2014}
                                
? 
! Missing } inserted.
<inserted text> 
                }
l.65 \bibitem[30]{McMurdie_2014}
                                
? 
! Missing $ inserted.
<inserted text> 
                $
l.66 ...014'' is not in the bibliography database}
                                                  .
? 
! Extra }, or forgotten $.
<recently read> \egroup 
                        
l.66 ...014'' is not in the bibliography database}
                                                  .
? 
! Missing $ inserted.
<inserted text> 
                $
l.67 \bibitem[31]{Benjamini_1997}
                                 
? 
! Missing } inserted.
<inserted text> 
                }
l.67 \bibitem[31]{Benjamini_1997}
                                 
? 
! Missing $ inserted.
<inserted text> 
                $
l.68 ...997'' is not in the bibliography database}
                                                  .
? 
! Extra }, or forgotten $.
<recently read> \egroup 
                        
l.68 ...997'' is not in the bibliography database}
                                                  .
? 
! Missing $ inserted.
<inserted text> 
                $
l.69 \bibitem[32]{Lozupone_2005}
                                
? 
! Missing } inserted.
<inserted text> 
                }
l.69 \bibitem[32]{Lozupone_2005}
                                
? 
! Missing $ inserted.
<inserted text> 
                $
l.70 ...005'' is not in the bibliography database}
                                                  .
? 
! Extra }, or forgotten $.
<recently read> \egroup 
                        
l.70 ...005'' is not in the bibliography database}
                                                  .
? 
! Missing $ inserted.
<inserted text> 
                $
l.71 \bibitem[33]{McMurdie_2013}
                                
? 
! Missing } inserted.
<inserted text> 
                }
l.71 \bibitem[33]{McMurdie_2013}
                                
? 
! Missing $ inserted.
<inserted text> 
                $
l.72 ...013'' is not in the bibliography database}
                                                  .
? 
! Extra }, or forgotten $.
<recently read> \egroup 
                        
l.72 ...013'' is not in the bibliography database}
                                                  .
? 
! Missing $ inserted.
<inserted text> 
                $
l.73 \bibitem[34]{Dixon_2003}
                             
? 
! Missing } inserted.
<inserted text> 
                }
l.73 \bibitem[34]{Dixon_2003}
                             
? 
! Missing $ inserted.
<inserted text> 
                $
l.74 ...003'' is not in the bibliography database}
                                                  .
? 
! Extra }, or forgotten $.
<recently read> \egroup 
                        
l.74 ...003'' is not in the bibliography database}
                                                  .
? 
! Missing $ inserted.
<inserted text> 
                $
l.75 \bibitem[35]{Wickham_2009}
                               
? 
! Missing } inserted.
<inserted text> 
                }
l.75 \bibitem[35]{Wickham_2009}
                               
? 
! Missing $ inserted.
<inserted text> 
                $
l.76 ...009'' is not in the bibliography database}
                                                  .
? 
! Extra }, or forgotten $.
<recently read> \egroup 
                        
l.76 ...009'' is not in the bibliography database}
                                                  .
? 
! Missing $ inserted.
<inserted text> 
                $
l.77 \bibitem[36]{Anderson_2001}
                                
? 
! Missing } inserted.
<inserted text> 
                }
l.77 \bibitem[36]{Anderson_2001}
                                
? 
! Missing $ inserted.
<inserted text> 
                $
l.78 ...001'' is not in the bibliography database}
                                                  .
? 
! Extra }, or forgotten $.
<recently read> \egroup 
                        
l.78 ...001'' is not in the bibliography database}
                                                  .
? 
! Missing $ inserted.
<inserted text> 
                $
l.79 \bibitem[37]{radajewski2000stable}
                                       
? 
! Missing } inserted.
<inserted text> 
                }
l.79 \bibitem[37]{radajewski2000stable}
                                       
? 
! Missing } inserted.
<inserted text> 
                }
l.138 \end{thebibliography}
                           
? 
! Missing $ inserted.
<inserted text> 
                $
l.138 \end{thebibliography}
                           
? 
! Missing } inserted.
<inserted text> 
                }
l.138 \end{thebibliography}
                           
? 
! Missing } inserted.
<inserted text> 
                }
l.138 \end{thebibliography}
                           
? 
! Missing } inserted.
<inserted text> 
                }
l.138 \end{thebibliography}
                           
? 
! Missing $ inserted.
<inserted text> 
                $
l.138 \end{thebibliography}
                           
? 
! Missing } inserted.
<inserted text> 
                }
l.138 \end{thebibliography}
                           
? 
! Missing } inserted.
<inserted text> 
                }
l.138 \end{thebibliography}
                           
? 
! Missing } inserted.
<inserted text> 
                }
l.138 \end{thebibliography}
                           
? 
! Missing $ inserted.
<inserted text> 
                $
l.138 \end{thebibliography}
                           
? 
! Missing } inserted.
<inserted text> 
                }
l.138 \end{thebibliography}
                           
? 
! Missing } inserted.
<inserted text> 
                }
l.138 \end{thebibliography}
                           
? 
! Missing } inserted.
<inserted text> 
                }
l.138 \end{thebibliography}
                           
? 
! Missing $ inserted.
<inserted text> 
                $
l.138 \end{thebibliography}
                           
? 
! Missing } inserted.
<inserted text> 
                }
l.138 \end{thebibliography}
                           
? 
! Missing { inserted.
<to be read again> 
                   $
l.138 \end{thebibliography}
                           
? 
! Missing } inserted.
<inserted text> 
                }
l.138 \end{thebibliography}
                           
? 
! Missing { inserted.
<to be read again> 
                   $
l.138 \end{thebibliography}
                           
? 
! Missing } inserted.
<inserted text> 
                }
l.138 \end{thebibliography}
                           
? 
! Missing { inserted.
<to be read again> 
                   $
l.138 \end{thebibliography}
                           
? 
! Missing } inserted.
<inserted text> 
                }
l.138 \end{thebibliography}
                           
? 
! Missing } inserted.
<inserted text> 
                }
l.138 \end{thebibliography}
                           
? 
! Missing } inserted.
<inserted text> 
                }
l.138 \end{thebibliography}
                           
? 
)
Package atveryend Info: Empty hook `BeforeClearDocument' on input line 562.
 [28

]
Package atveryend Info: Empty hook `AfterLastShipout' on input line 562.
 (./supplemental.aux)
Package atveryend Info: Executing hook `AtVeryEndDocument' on input line 562.
Package atveryend Info: Executing hook `AtEndAfterFileList' on input line 562.
Package rerunfilecheck Info: File `supplemental.out' has not changed.
(rerunfilecheck)             Checksum: 34051A07D6E60075B3C9A80CB937652D;1869.


LaTeX Warning: There were undefined references.

Package atveryend Info: Empty hook `AtVeryVeryEnd' on input line 562.
 ) 
Here is how much of TeX's memory you used:
 8456 strings out of 493485
 127918 string characters out of 3143526
 250197 words of memory out of 3000000
 11436 multiletter control sequences out of 15000+200000
 13962 words of font info for 54 fonts, out of 3000000 for 9000
 957 hyphenation exceptions out of 8191
 36i,16n,46p,772b,449s stack positions out of 5000i,500n,10000p,200000b,50000s
pdfTeX warning (dest): name{cite.16346402} has been referenced but does not e
xist, replaced by a fixed one

pdfTeX warning (dest): name{cite.Kong_2012} has been referenced but does not ex
ist, replaced by a fixed one

pdfTeX warning (dest): name{cite.Soo_2014} has been referenced but does not exi
st, replaced by a fixed one

pdfTeX warning (dest): name{cite.Di_Rienzi_2013} has been referenced but does n
ot exist, replaced by a fixed one

pdfTeX warning (dest): name{cite.Labeda_2001} has been referenced but does not 
exist, replaced by a fixed one

pdfTeX warning (dest): name{cite.LABEDA_1989} has been referenced but does not 
exist, replaced by a fixed one

pdfTeX warning (dest): name{cite.Tomita_1993} has been referenced but does not 
exist, replaced by a fixed one

pdfTeX warning (dest): name{cite.Labeda_2008} has been referenced but does not 
exist, replaced by a fixed one

pdfTeX warning (dest): name{cite.Vance_1980} has been referenced but does not e
xist, replaced by a fixed one

pdfTeX warning (dest): name{cite.Lewin1970} has been referenced but does not ex
ist, replaced by a fixed one

pdfTeX warning (dest): name{cite.Janssen2006} has been referenced but does not 
exist, replaced by a fixed one

pdfTeX warning (dest): name{cite.Schellenberger_2010} has been referenced but d
oes not exist, replaced by a fixed one

pdfTeX warning (dest): name{cite.Cole_2013} has been referenced but does not ex
ist, replaced by a fixed one

pdfTeX warning (dest): name{cite.Goldfarb_2011} has been referenced but does no
t exist, replaced by a fixed one

pdfTeX warning (dest): name{cite.Hug_2013} has been referenced but does not exi
st, replaced by a fixed one

pdfTeX warning (dest): name{cite.Jiang_2011} has been referenced but does not e
xist, replaced by a fixed one

pdfTeX warning (dest): name{cite.Parveen_2013} has been referenced but does not
 exist, replaced by a fixed one

pdfTeX warning (dest): name{cite.10543821} has been referenced but does not exi
st, replaced by a fixed one

pdfTeX warning (dest): name{cite.Herlemann_2013} has been referenced but does n
ot exist, replaced by a fixed one

pdfTeX warning (dest): name{cite.Fierer_2013} has been referenced but does not 
exist, replaced by a fixed one

pdfTeX warning (dest): name{cite.Otsuka_2012} has been referenced but does not 
exist, replaced by a fixed one

pdfTeX warning (dest): name{cite.Wertz_2011} has been referenced but does not e
xist, replaced by a fixed one

pdfTeX warning (dest): name{cite.Buckley_2001} has been referenced but does not
 exist, replaced by a fixed one

pdfTeX warning (dest): name{cite.Bergmann_2011} has been referenced but does no
t exist, replaced by a fixed one

pdfTeX warning (dest): name{cite.Tavernier_2008} has been referenced but does n
ot exist, replaced by a fixed one

pdfTeX warning (dest): name{cite.boone2001bergeys} has been referenced but does
 not exist, replaced by a fixed one

pdfTeX warning (dest): name{cite.Verastegui_2014} has been referenced but does 
not exist, replaced by a fixed one

pdfTeX warning (dest): name{cite.Haichar_2007} has been referenced but does not
 exist, replaced by a fixed one

pdfTeX warning (dest): name{cite.radajewski2000stable} has been referenced but 
does not exist, replaced by a fixed one

pdfTeX warning (dest): name{cite.Anderson_2001} has been referenced but does no
t exist, replaced by a fixed one

pdfTeX warning (dest): name{cite.Wickham_2009} has been referenced but does not
 exist, replaced by a fixed one

pdfTeX warning (dest): name{cite.Dixon_2003} has been referenced but does not e
xist, replaced by a fixed one

pdfTeX warning (dest): name{cite.McMurdie_2013} has been referenced but does no
t exist, replaced by a fixed one

pdfTeX warning (dest): name{cite.Lozupone_2005} has been referenced but does no
t exist, replaced by a fixed one

pdfTeX warning (dest): name{cite.Benjamini_1997} has been referenced but does n
ot exist, replaced by a fixed one

pdfTeX warning (dest): name{cite.McMurdie_2014} has been referenced but does no
t exist, replaced by a fixed one

pdfTeX warning (dest): name{cite.Love_2014} has been referenced but does not ex
ist, replaced by a fixed one

pdfTeX warning (dest): name{cite.Youngblut_2014} has been referenced but does n
ot exist, replaced by a fixed one

pdfTeX warning (dest): name{cite.Radajewski_2003} has been referenced but does 
not exist, replaced by a fixed one

pdfTeX warning (dest): name{cite.Buckley_2011} has been referenced but does not
 exist, replaced by a fixed one

pdfTeX warning (dest): name{cite.Price_2009} has been referenced but does not e
xist, replaced by a fixed one

pdfTeX warning (dest): name{cite.Nawrocki_2009} has been referenced but does no
t exist, replaced by a fixed one

pdfTeX warning (dest): name{cite.Nawrocki_2013} has been referenced but does no
t exist, replaced by a fixed one

pdfTeX warning (dest): name{cite.DeSantis_2006} has been referenced but does no
t exist, replaced by a fixed one

pdfTeX warning (dest): name{cite.Schloss_2009} has been referenced but does not
 exist, replaced by a fixed one

pdfTeX warning (dest): name{cite.Pruesse_2007} has been referenced but does not
 exist, replaced by a fixed one

pdfTeX warning (dest): name{cite.Caporaso_2010} has been referenced but does no
t exist, replaced by a fixed one

pdfTeX warning (dest): name{cite.Edgar_2010} has been referenced but does not e
xist, replaced by a fixed one

pdfTeX warning (dest): name{cite.Edgar_2013} has been referenced but does not e
xist, replaced by a fixed one

pdfTeX warning (dest): name{cite.Hamady_2008} has been referenced but does not 
exist, replaced by a fixed one

pdfTeX warning (dest): name{cite.9780408708036} has been referenced but does no
t exist, replaced by a fixed one

pdfTeX warning (dest): name{cite.Manefield_2002} has been referenced but does n
ot exist, replaced by a fixed one

pdfTeX warning (dest): name{cite.Neufeld_2007} has been referenced but does not
 exist, replaced by a fixed one

pdfTeX warning (dest): name{cite.Buckley_2007} has been referenced but does not
 exist, replaced by a fixed one

pdfTeX warning (dest): name{cite.Griffiths_2000} has been referenced but does n
ot exist, replaced by a fixed one

pdfTeX warning (dest): name{cite.Linn_1984} has been referenced but does not ex
ist, replaced by a fixed one

pdfTeX warning (dest): name{cite.David_2010} has been referenced but does not e
xist, replaced by a fixed one

pdfTeX warning (dest): name{cite.Yan_2010} has been referenced but does not exi
st, replaced by a fixed one

pdfTeX warning (dest): name{cite.Schneckenberger_2008} has been referenced but 
does not exist, replaced by a fixed one

pdfTeX warning (dest): name{cite.Datta_2014} has been referenced but does not e
xist, replaced by a fixed one

pdfTeX warning (dest): name{cite.benedict1909reagent} has been referenced but d
oes not exist, replaced by a fixed one

pdfTeX warning (dest): name{cite.Bradford_1976} has been referenced but does no
t exist, replaced by a fixed one

pdfTeX warning (dest): name{cite.Cambardella_1992} has been referenced but does
 not exist, replaced by a fixed one

pdfTeX warning (dest): name{cite.Heo_2002} has been referenced but does not exi
st, replaced by a fixed one

</usr/share/texlive/texmf-dist/fonts/type1/public/amsfonts/cm/cmbx10.pfb></usr/
share/texlive/texmf-dist/fonts/type1/public/amsfonts/cm/cmbx12.pfb></usr/share/
texlive/texmf-dist/fonts/type1/public/amsfonts/cm/cmmi10.pfb></usr/share/texliv
e/texmf-dist/fonts/type1/public/amsfonts/cm/cmmi7.pfb></usr/share/texlive/texmf
-dist/fonts/type1/public/amsfonts/cm/cmr10.pfb></usr/share/texlive/texmf-dist/f
onts/type1/public/amsfonts/cm/cmr12.pfb></usr/share/texlive/texmf-dist/fonts/ty
pe1/public/amsfonts/cm/cmr17.pfb></usr/share/texlive/texmf-dist/fonts/type1/pub
lic/amsfonts/cm/cmr7.pfb></usr/share/texlive/texmf-dist/fonts/type1/public/amsf
onts/cm/cmsy10.pfb></usr/share/texlive/texmf-dist/fonts/type1/public/amsfonts/c
m/cmsy7.pfb></usr/share/texlive/texmf-dist/fonts/type1/public/amsfonts/cm/cmti1
0.pfb></usr/share/texlive/texmf-dist/fonts/type1/public/amsfonts/cm/cmtt10.pfb>
Output written on supplemental.pdf (28 pages, 3153435 bytes).
PDF statistics:
 604 PDF objects out of 1000 (max. 8388607)
 537 compressed objects within 6 object streams
 134 named destinations out of 1000 (max. 500000)
 248 words of extra memory for PDF output out of 10000 (max. 10000000)

